[07:57:56 - main] [Cooja.java:3172] [WARN] - JAVA_HOME environment variable not set, Cooja motes may not compile
[07:57:56 - main] [Cooja.java:1315] [INFO] - > Starting Cooja
[07:57:56 - main] [Cooja.java:2856] [INFO] - External tools default settings: /external_tools_linux_64.config
[07:57:56 - main] [Cooja.java:2886] [INFO] - External tools user settings: /root/.cooja.user.properties
[07:57:56 - main] [Simulation.java:422] [INFO] - Simulation random seed: -7413246189602905213
[07:57:56 - main] [MspMote.java:235] [INFO] - Loading firmware from: /code/sim/src/app.sky
[07:57:57 - main] [MspMote.java:235] [INFO] - Loading firmware from: /code/sim/src/app.sky
[07:57:57 - main] [MspMote.java:235] [INFO] - Loading firmware from: /code/sim/src/app.sky
[07:57:57 - main] [MspMote.java:235] [INFO] - Loading firmware from: /code/sim/src/app.sky
[07:57:57 - main] [MspMote.java:235] [INFO] - Loading firmware from: /code/sim/src/app.sky
[07:57:57 - main] [MspMote.java:235] [INFO] - Loading firmware from: /code/sim/src/app.sky
[07:57:57 - main] [MspMote.java:235] [INFO] - Loading firmware from: /code/sim/src/app.sky
[07:57:57 - main] [MspMote.java:235] [INFO] - Loading firmware from: /code/sim/src/app.sky
[07:57:57 - main] [MspMote.java:235] [INFO] - Loading firmware from: /code/sim/src/app.sky
[07:57:57 - main] [MspMote.java:235] [INFO] - Loading firmware from: /code/sim/src/app.sky
[07:57:57 - main] [Cooja.java:1781] [INFO] - Visualized plugin was not started: class org.contikios.cooja.plugins.SimControl
[07:57:57 - main] [Cooja.java:1781] [INFO] - Visualized plugin was not started: class org.contikios.cooja.plugins.Visualizer
[07:57:57 - main] [Cooja.java:1781] [INFO] - Visualized plugin was not started: class org.contikios.cooja.plugins.LogListener
[07:57:57 - main] [Cooja.java:1781] [INFO] - Visualized plugin was not started: class org.contikios.cooja.plugins.TimeLine
[07:57:57 - main] [Cooja.java:1781] [INFO] - Visualized plugin was not started: class org.contikios.cooja.plugins.RadioLogger
[07:57:57 - main] [ScriptRunner.java:430] [INFO] - Test script deactivated
[07:57:57 - main] [LogScriptEngine.java:265] [INFO] - Script timeout in 1800000 ms
[07:57:58 - main] [ScriptRunner.java:387] [INFO] - Test script activated
[07:57:58 - Thread-2] [Simulation.java:253] [INFO] - Simulation main loop started, system time: 1526716678307
[07:58:13 - Thread-2] [LogScriptEngine.java:389] [INFO] - Test script at 5.00%, done in 282.9 sec
[07:58:26 - Thread-2] [LogScriptEngine.java:389] [INFO] - Test script at 10.00%, done in 258.0 sec
[07:58:39 - Thread-2] [LogScriptEngine.java:389] [INFO] - Test script at 15.00%, done in 232.5 sec
[07:58:52 - Thread-2] [LogScriptEngine.java:389] [INFO] - Test script at 20.00%, done in 218.7 sec
[07:59:04 - Thread-2] [LogScriptEngine.java:389] [INFO] - Test script at 25.00%, done in 198.3 sec
[07:59:15 - Thread-2] [LogScriptEngine.java:389] [INFO] - Test script at 30.00%, done in 180.4 sec
[07:59:26 - Thread-2] [LogScriptEngine.java:389] [INFO] - Test script at 35.00%, done in 164.0 sec
[07:59:38 - Thread-2] [LogScriptEngine.java:389] [INFO] - Test script at 40.00%, done in 150.0 sec
[07:59:50 - Thread-2] [LogScriptEngine.java:389] [INFO] - Test script at 45.00%, done in 136.6 sec
[08:00:01 - Thread-2] [LogScriptEngine.java:389] [INFO] - Test script at 50.00%, done in 123.4 sec
[08:00:12 - Thread-2] [LogScriptEngine.java:389] [INFO] - Test script at 55.00%, done in 109.9 sec
[08:00:24 - Thread-2] [LogScriptEngine.java:389] [INFO] - Test script at 60.00%, done in 97.2 sec
[08:00:36 - Thread-2] [LogScriptEngine.java:389] [INFO] - Test script at 65.00%, done in 85.0 sec
[08:00:47 - Thread-2] [LogScriptEngine.java:389] [INFO] - Test script at 70.00%, done in 72.7 sec
[08:00:59 - Thread-2] [LogScriptEngine.java:389] [INFO] - Test script at 75.00%, done in 60.4 sec
[08:01:11 - Thread-2] [LogScriptEngine.java:389] [INFO] - Test script at 80.00%, done in 48.4 sec
[08:01:24 - Thread-2] [LogScriptEngine.java:389] [INFO] - Test script at 85.00%, done in 36.4 sec
[08:01:36 - Thread-2] [LogScriptEngine.java:389] [INFO] - Test script at 90.00%, done in 24.2 sec
[08:01:47 - Thread-2] [LogScriptEngine.java:389] [INFO] - Test script at 95.00%, done in 12.1 sec
[08:01:59 - Thread-2] [LogScriptEngine.java:375] [INFO] - Timeout event @ 1800000000
[08:01:59 - Thread-2] [Simulation.java:312] [INFO] - Simulation main loop stopped, system time: 1526716919918	Duration: 241611 ms	Simulated time 1800000 ms	Ratio 7.44999192917541
[08:01:59 - Thread-1] [LogScriptEngine.java:309] [INFO] - Test script finished
[08:02:00 - AWT-EventQueue-0] [ScriptRunner.java:430] [INFO] - Test script deactivated
