[11:02:37 - main] [Cooja.java:3172] [WARN] - JAVA_HOME environment variable not set, Cooja motes may not compile
[11:02:37 - main] [Cooja.java:1315] [INFO] - > Starting Cooja
[11:02:37 - main] [Cooja.java:2856] [INFO] - External tools default settings: /external_tools_linux_64.config
[11:02:37 - main] [Cooja.java:2886] [INFO] - External tools user settings: /root/.cooja.user.properties
[11:02:37 - main] [Simulation.java:422] [INFO] - Simulation random seed: 3227517509560962732
[11:02:37 - main] [MspMote.java:235] [INFO] - Loading firmware from: /code/sim/src/app.sky
[11:02:38 - main] [MspMote.java:235] [INFO] - Loading firmware from: /code/sim/src/app.sky
[11:02:38 - main] [MspMote.java:235] [INFO] - Loading firmware from: /code/sim/src/app.sky
[11:02:38 - main] [MspMote.java:235] [INFO] - Loading firmware from: /code/sim/src/app.sky
[11:02:38 - main] [MspMote.java:235] [INFO] - Loading firmware from: /code/sim/src/app.sky
[11:02:38 - main] [MspMote.java:235] [INFO] - Loading firmware from: /code/sim/src/app.sky
[11:02:38 - main] [MspMote.java:235] [INFO] - Loading firmware from: /code/sim/src/app.sky
[11:02:38 - main] [MspMote.java:235] [INFO] - Loading firmware from: /code/sim/src/app.sky
[11:02:38 - main] [MspMote.java:235] [INFO] - Loading firmware from: /code/sim/src/app.sky
[11:02:38 - main] [MspMote.java:235] [INFO] - Loading firmware from: /code/sim/src/app.sky
[11:02:38 - main] [Cooja.java:1781] [INFO] - Visualized plugin was not started: class org.contikios.cooja.plugins.SimControl
[11:02:38 - main] [Cooja.java:1781] [INFO] - Visualized plugin was not started: class org.contikios.cooja.plugins.Visualizer
[11:02:38 - main] [Cooja.java:1781] [INFO] - Visualized plugin was not started: class org.contikios.cooja.plugins.LogListener
[11:02:38 - main] [Cooja.java:1781] [INFO] - Visualized plugin was not started: class org.contikios.cooja.plugins.TimeLine
[11:02:38 - main] [Cooja.java:1781] [INFO] - Visualized plugin was not started: class org.contikios.cooja.plugins.RadioLogger
[11:02:38 - main] [ScriptRunner.java:430] [INFO] - Test script deactivated
[11:02:39 - main] [LogScriptEngine.java:265] [INFO] - Script timeout in 1800000 ms
[11:02:39 - main] [ScriptRunner.java:387] [INFO] - Test script activated
[11:02:39 - Thread-2] [Simulation.java:253] [INFO] - Simulation main loop started, system time: 1526727759657
[11:03:00 - Thread-2] [LogScriptEngine.java:389] [INFO] - Test script at 5.00%, done in 395.3 sec
[11:03:17 - Thread-2] [LogScriptEngine.java:389] [INFO] - Test script at 10.00%, done in 340.3 sec
[11:03:35 - Thread-2] [LogScriptEngine.java:389] [INFO] - Test script at 15.00%, done in 315.0 sec
[11:03:52 - Thread-2] [LogScriptEngine.java:389] [INFO] - Test script at 20.00%, done in 291.1 sec
[11:04:10 - Thread-2] [LogScriptEngine.java:389] [INFO] - Test script at 25.00%, done in 273.3 sec
[11:04:28 - Thread-2] [LogScriptEngine.java:389] [INFO] - Test script at 30.00%, done in 254.6 sec
[11:04:50 - Thread-2] [LogScriptEngine.java:389] [INFO] - Test script at 35.00%, done in 243.1 sec
[11:05:10 - Thread-2] [LogScriptEngine.java:389] [INFO] - Test script at 40.00%, done in 225.5 sec
[11:05:28 - Thread-2] [LogScriptEngine.java:389] [INFO] - Test script at 45.00%, done in 205.8 sec
[11:05:48 - Thread-2] [LogScriptEngine.java:389] [INFO] - Test script at 50.00%, done in 188.5 sec
[11:06:07 - Thread-2] [LogScriptEngine.java:389] [INFO] - Test script at 55.00%, done in 169.7 sec
[11:06:24 - Thread-2] [LogScriptEngine.java:389] [INFO] - Test script at 60.00%, done in 149.8 sec
[11:06:42 - Thread-2] [LogScriptEngine.java:389] [INFO] - Test script at 65.00%, done in 131.0 sec
[11:06:59 - Thread-2] [LogScriptEngine.java:389] [INFO] - Test script at 70.00%, done in 111.5 sec
[11:07:16 - Thread-2] [LogScriptEngine.java:389] [INFO] - Test script at 75.00%, done in 92.4 sec
[11:07:33 - Thread-2] [LogScriptEngine.java:389] [INFO] - Test script at 80.00%, done in 73.4 sec
[11:07:50 - Thread-2] [LogScriptEngine.java:389] [INFO] - Test script at 85.00%, done in 54.8 sec
[11:08:06 - Thread-2] [LogScriptEngine.java:389] [INFO] - Test script at 90.00%, done in 36.3 sec
[11:08:23 - Thread-2] [LogScriptEngine.java:389] [INFO] - Test script at 95.00%, done in 18.1 sec
[11:08:39 - Thread-2] [LogScriptEngine.java:375] [INFO] - Timeout event @ 1800000000
[11:08:39 - Thread-2] [Simulation.java:312] [INFO] - Simulation main loop stopped, system time: 1526728119757	Duration: 360100 ms	Simulated time 1800000 ms	Ratio 4.998611496806443
[11:08:39 - Thread-1] [LogScriptEngine.java:309] [INFO] - Test script finished
[11:08:40 - AWT-EventQueue-0] [ScriptRunner.java:430] [INFO] - Test script deactivated
