[10:21:44 - main] [Cooja.java:3172] [WARN] - JAVA_HOME environment variable not set, Cooja motes may not compile
[10:21:44 - main] [Cooja.java:1315] [INFO] - > Starting Cooja
[10:21:44 - main] [Cooja.java:2856] [INFO] - External tools default settings: /external_tools_linux_64.config
[10:21:44 - main] [Cooja.java:2886] [INFO] - External tools user settings: /root/.cooja.user.properties
[10:21:44 - main] [Simulation.java:422] [INFO] - Simulation random seed: -2323150474173732816
[10:21:44 - main] [MspMote.java:235] [INFO] - Loading firmware from: /code/sim/src/app.sky
[10:21:45 - main] [MspMote.java:235] [INFO] - Loading firmware from: /code/sim/src/app.sky
[10:21:45 - main] [MspMote.java:235] [INFO] - Loading firmware from: /code/sim/src/app.sky
[10:21:45 - main] [MspMote.java:235] [INFO] - Loading firmware from: /code/sim/src/app.sky
[10:21:45 - main] [MspMote.java:235] [INFO] - Loading firmware from: /code/sim/src/app.sky
[10:21:45 - main] [MspMote.java:235] [INFO] - Loading firmware from: /code/sim/src/app.sky
[10:21:45 - main] [MspMote.java:235] [INFO] - Loading firmware from: /code/sim/src/app.sky
[10:21:45 - main] [MspMote.java:235] [INFO] - Loading firmware from: /code/sim/src/app.sky
[10:21:45 - main] [MspMote.java:235] [INFO] - Loading firmware from: /code/sim/src/app.sky
[10:21:45 - main] [MspMote.java:235] [INFO] - Loading firmware from: /code/sim/src/app.sky
[10:21:45 - main] [Cooja.java:1781] [INFO] - Visualized plugin was not started: class org.contikios.cooja.plugins.SimControl
[10:21:45 - main] [Cooja.java:1781] [INFO] - Visualized plugin was not started: class org.contikios.cooja.plugins.Visualizer
[10:21:45 - main] [Cooja.java:1781] [INFO] - Visualized plugin was not started: class org.contikios.cooja.plugins.LogListener
[10:21:45 - main] [Cooja.java:1781] [INFO] - Visualized plugin was not started: class org.contikios.cooja.plugins.TimeLine
[10:21:45 - main] [Cooja.java:1781] [INFO] - Visualized plugin was not started: class org.contikios.cooja.plugins.RadioLogger
[10:21:45 - main] [ScriptRunner.java:430] [INFO] - Test script deactivated
[10:21:46 - main] [LogScriptEngine.java:265] [INFO] - Script timeout in 1800000 ms
[10:21:46 - main] [ScriptRunner.java:387] [INFO] - Test script activated
[10:21:46 - Thread-2] [Simulation.java:253] [INFO] - Simulation main loop started, system time: 1526725306880
[10:22:01 - Thread-2] [LogScriptEngine.java:389] [INFO] - Test script at 5.00%, done in 274.7 sec
[10:22:13 - Thread-2] [LogScriptEngine.java:389] [INFO] - Test script at 10.00%, done in 238.5 sec
[10:22:25 - Thread-2] [LogScriptEngine.java:389] [INFO] - Test script at 15.00%, done in 218.1 sec
[10:22:36 - Thread-2] [LogScriptEngine.java:389] [INFO] - Test script at 20.00%, done in 199.2 sec
[10:22:48 - Thread-2] [LogScriptEngine.java:389] [INFO] - Test script at 25.00%, done in 183.5 sec
[10:22:59 - Thread-2] [LogScriptEngine.java:389] [INFO] - Test script at 30.00%, done in 169.5 sec
[10:23:11 - Thread-2] [LogScriptEngine.java:389] [INFO] - Test script at 35.00%, done in 156.7 sec
[10:23:22 - Thread-2] [LogScriptEngine.java:389] [INFO] - Test script at 40.00%, done in 143.9 sec
[10:23:34 - Thread-2] [LogScriptEngine.java:389] [INFO] - Test script at 45.00%, done in 131.3 sec
[10:23:45 - Thread-2] [LogScriptEngine.java:389] [INFO] - Test script at 50.00%, done in 118.7 sec
[10:23:58 - Thread-2] [LogScriptEngine.java:389] [INFO] - Test script at 55.00%, done in 107.5 sec
[10:24:10 - Thread-2] [LogScriptEngine.java:389] [INFO] - Test script at 60.00%, done in 96.1 sec
[10:24:22 - Thread-2] [LogScriptEngine.java:389] [INFO] - Test script at 65.00%, done in 83.8 sec
[10:24:33 - Thread-2] [LogScriptEngine.java:389] [INFO] - Test script at 70.00%, done in 71.6 sec
[10:24:46 - Thread-2] [LogScriptEngine.java:389] [INFO] - Test script at 75.00%, done in 59.8 sec
[10:25:00 - Thread-2] [LogScriptEngine.java:389] [INFO] - Test script at 80.00%, done in 48.5 sec
[10:25:13 - Thread-2] [LogScriptEngine.java:389] [INFO] - Test script at 85.00%, done in 36.5 sec
[10:25:29 - Thread-2] [LogScriptEngine.java:389] [INFO] - Test script at 90.00%, done in 24.8 sec
[10:25:44 - Thread-2] [LogScriptEngine.java:389] [INFO] - Test script at 95.00%, done in 12.5 sec
[10:25:59 - Thread-2] [LogScriptEngine.java:375] [INFO] - Timeout event @ 1800000000
[10:25:59 - Thread-2] [Simulation.java:312] [INFO] - Simulation main loop stopped, system time: 1526725559891	Duration: 253011 ms	Simulated time 1800018 ms	Ratio 7.114386331029086
[10:25:59 - Thread-1] [LogScriptEngine.java:309] [INFO] - Test script finished
[10:26:00 - AWT-EventQueue-0] [ScriptRunner.java:430] [INFO] - Test script deactivated
