[15:14:11 - main] [Cooja.java:3172] [WARN] - JAVA_HOME environment variable not set, Cooja motes may not compile
[15:14:11 - main] [Cooja.java:1315] [INFO] - > Starting Cooja
[15:14:11 - main] [Cooja.java:2856] [INFO] - External tools default settings: /external_tools_linux_64.config
[15:14:11 - main] [Cooja.java:2886] [INFO] - External tools user settings: /root/.cooja.user.properties
[15:14:11 - main] [Simulation.java:422] [INFO] - Simulation random seed: -3389791818059184561
[15:14:11 - main] [MspMote.java:235] [INFO] - Loading firmware from: /code/sim/src/app.sky
[15:14:12 - main] [MspMote.java:235] [INFO] - Loading firmware from: /code/sim/src/app.sky
[15:14:12 - main] [MspMote.java:235] [INFO] - Loading firmware from: /code/sim/src/app.sky
[15:14:12 - main] [MspMote.java:235] [INFO] - Loading firmware from: /code/sim/src/app.sky
[15:14:12 - main] [MspMote.java:235] [INFO] - Loading firmware from: /code/sim/src/app.sky
[15:14:12 - main] [MspMote.java:235] [INFO] - Loading firmware from: /code/sim/src/app.sky
[15:14:12 - main] [MspMote.java:235] [INFO] - Loading firmware from: /code/sim/src/app.sky
[15:14:12 - main] [MspMote.java:235] [INFO] - Loading firmware from: /code/sim/src/app.sky
[15:14:12 - main] [MspMote.java:235] [INFO] - Loading firmware from: /code/sim/src/app.sky
[15:14:12 - main] [MspMote.java:235] [INFO] - Loading firmware from: /code/sim/src/app.sky
[15:14:12 - main] [Cooja.java:1781] [INFO] - Visualized plugin was not started: class org.contikios.cooja.plugins.SimControl
[15:14:12 - main] [Cooja.java:1781] [INFO] - Visualized plugin was not started: class org.contikios.cooja.plugins.Visualizer
[15:14:12 - main] [Cooja.java:1781] [INFO] - Visualized plugin was not started: class org.contikios.cooja.plugins.LogListener
[15:14:12 - main] [Cooja.java:1781] [INFO] - Visualized plugin was not started: class org.contikios.cooja.plugins.TimeLine
[15:14:12 - main] [Cooja.java:1781] [INFO] - Visualized plugin was not started: class org.contikios.cooja.plugins.RadioLogger
[15:14:12 - main] [ScriptRunner.java:430] [INFO] - Test script deactivated
[15:14:13 - main] [LogScriptEngine.java:265] [INFO] - Script timeout in 1800000 ms
[15:14:13 - main] [ScriptRunner.java:387] [INFO] - Test script activated
[15:14:13 - Thread-2] [Simulation.java:253] [INFO] - Simulation main loop started, system time: 1526829253451
[15:14:27 - Thread-2] [LogScriptEngine.java:389] [INFO] - Test script at 5.00%, done in 272.1 sec
[15:14:39 - Thread-2] [LogScriptEngine.java:389] [INFO] - Test script at 10.00%, done in 233.7 sec
[15:14:50 - Thread-2] [LogScriptEngine.java:389] [INFO] - Test script at 15.00%, done in 209.6 sec
[15:15:02 - Thread-2] [LogScriptEngine.java:389] [INFO] - Test script at 20.00%, done in 194.2 sec
[15:15:14 - Thread-2] [LogScriptEngine.java:389] [INFO] - Test script at 25.00%, done in 183.3 sec
[15:15:25 - Thread-2] [LogScriptEngine.java:389] [INFO] - Test script at 30.00%, done in 169.0 sec
[15:15:36 - Thread-2] [LogScriptEngine.java:389] [INFO] - Test script at 35.00%, done in 154.5 sec
[15:15:47 - Thread-2] [LogScriptEngine.java:389] [INFO] - Test script at 40.00%, done in 141.5 sec
[15:15:58 - Thread-2] [LogScriptEngine.java:389] [INFO] - Test script at 45.00%, done in 128.8 sec
[15:16:10 - Thread-2] [LogScriptEngine.java:389] [INFO] - Test script at 50.00%, done in 116.7 sec
[15:16:21 - Thread-2] [LogScriptEngine.java:389] [INFO] - Test script at 55.00%, done in 104.7 sec
[15:16:32 - Thread-2] [LogScriptEngine.java:389] [INFO] - Test script at 60.00%, done in 92.7 sec
[15:16:44 - Thread-2] [LogScriptEngine.java:389] [INFO] - Test script at 65.00%, done in 81.2 sec
[15:16:55 - Thread-2] [LogScriptEngine.java:389] [INFO] - Test script at 70.00%, done in 69.3 sec
[15:17:06 - Thread-2] [LogScriptEngine.java:389] [INFO] - Test script at 75.00%, done in 57.6 sec
[15:17:17 - Thread-2] [LogScriptEngine.java:389] [INFO] - Test script at 80.00%, done in 46.0 sec
[15:17:28 - Thread-2] [LogScriptEngine.java:389] [INFO] - Test script at 85.00%, done in 34.5 sec
[15:17:39 - Thread-2] [LogScriptEngine.java:389] [INFO] - Test script at 90.00%, done in 22.9 sec
[15:17:51 - Thread-2] [LogScriptEngine.java:389] [INFO] - Test script at 95.00%, done in 11.5 sec
[15:18:02 - Thread-2] [LogScriptEngine.java:375] [INFO] - Timeout event @ 1800000000
[15:18:02 - Thread-2] [Simulation.java:312] [INFO] - Simulation main loop stopped, system time: 1526829482701	Duration: 229250 ms	Simulated time 1800000 ms	Ratio 7.851690294438386
[15:18:02 - Thread-1] [LogScriptEngine.java:309] [INFO] - Test script finished
[15:18:03 - AWT-EventQueue-0] [ScriptRunner.java:430] [INFO] - Test script deactivated
