[08:48:05 - main] [Cooja.java:3172] [WARN] - JAVA_HOME environment variable not set, Cooja motes may not compile
[08:48:05 - main] [Cooja.java:1315] [INFO] - > Starting Cooja
[08:48:05 - main] [Cooja.java:2856] [INFO] - External tools default settings: /external_tools_linux_64.config
[08:48:05 - main] [Cooja.java:2886] [INFO] - External tools user settings: /root/.cooja.user.properties
[08:48:05 - main] [Simulation.java:422] [INFO] - Simulation random seed: 3733145976241162568
[08:48:06 - main] [MspMote.java:235] [INFO] - Loading firmware from: /code/sim/src/app.sky
[08:48:06 - main] [MspMote.java:235] [INFO] - Loading firmware from: /code/sim/src/app.sky
[08:48:06 - main] [MspMote.java:235] [INFO] - Loading firmware from: /code/sim/src/app.sky
[08:48:06 - main] [MspMote.java:235] [INFO] - Loading firmware from: /code/sim/src/app.sky
[08:48:06 - main] [MspMote.java:235] [INFO] - Loading firmware from: /code/sim/src/app.sky
[08:48:06 - main] [MspMote.java:235] [INFO] - Loading firmware from: /code/sim/src/app.sky
[08:48:06 - main] [MspMote.java:235] [INFO] - Loading firmware from: /code/sim/src/app.sky
[08:48:06 - main] [MspMote.java:235] [INFO] - Loading firmware from: /code/sim/src/app.sky
[08:48:06 - main] [MspMote.java:235] [INFO] - Loading firmware from: /code/sim/src/app.sky
[08:48:07 - main] [MspMote.java:235] [INFO] - Loading firmware from: /code/sim/src/app.sky
[08:48:07 - main] [Cooja.java:1781] [INFO] - Visualized plugin was not started: class org.contikios.cooja.plugins.SimControl
[08:48:07 - main] [Cooja.java:1781] [INFO] - Visualized plugin was not started: class org.contikios.cooja.plugins.Visualizer
[08:48:07 - main] [Cooja.java:1781] [INFO] - Visualized plugin was not started: class org.contikios.cooja.plugins.LogListener
[08:48:07 - main] [Cooja.java:1781] [INFO] - Visualized plugin was not started: class org.contikios.cooja.plugins.TimeLine
[08:48:07 - main] [Cooja.java:1781] [INFO] - Visualized plugin was not started: class org.contikios.cooja.plugins.RadioLogger
[08:48:07 - main] [ScriptRunner.java:430] [INFO] - Test script deactivated
[08:48:08 - main] [LogScriptEngine.java:265] [INFO] - Script timeout in 1800000 ms
[08:48:08 - main] [ScriptRunner.java:387] [INFO] - Test script activated
[08:48:08 - Thread-2] [Simulation.java:253] [INFO] - Simulation main loop started, system time: 1526719688777
[08:48:24 - Thread-2] [LogScriptEngine.java:389] [INFO] - Test script at 5.00%, done in 303.3 sec
[08:48:36 - Thread-2] [LogScriptEngine.java:389] [INFO] - Test script at 10.00%, done in 245.9 sec
[08:48:48 - Thread-2] [LogScriptEngine.java:389] [INFO] - Test script at 15.00%, done in 224.1 sec
[08:48:59 - Thread-2] [LogScriptEngine.java:389] [INFO] - Test script at 20.00%, done in 201.5 sec
[08:49:11 - Thread-2] [LogScriptEngine.java:389] [INFO] - Test script at 25.00%, done in 187.6 sec
[08:49:22 - Thread-2] [LogScriptEngine.java:389] [INFO] - Test script at 30.00%, done in 171.5 sec
[08:49:33 - Thread-2] [LogScriptEngine.java:389] [INFO] - Test script at 35.00%, done in 157.6 sec
[08:49:44 - Thread-2] [LogScriptEngine.java:389] [INFO] - Test script at 40.00%, done in 144.2 sec
[08:49:56 - Thread-2] [LogScriptEngine.java:389] [INFO] - Test script at 45.00%, done in 132.2 sec
[08:50:08 - Thread-2] [LogScriptEngine.java:389] [INFO] - Test script at 50.00%, done in 119.7 sec
[08:50:20 - Thread-2] [LogScriptEngine.java:389] [INFO] - Test script at 55.00%, done in 108.0 sec
[08:50:31 - Thread-2] [LogScriptEngine.java:389] [INFO] - Test script at 60.00%, done in 95.4 sec
[08:50:43 - Thread-2] [LogScriptEngine.java:389] [INFO] - Test script at 65.00%, done in 83.3 sec
[08:50:54 - Thread-2] [LogScriptEngine.java:389] [INFO] - Test script at 70.00%, done in 71.2 sec
[08:51:06 - Thread-2] [LogScriptEngine.java:389] [INFO] - Test script at 75.00%, done in 59.3 sec
[08:51:18 - Thread-2] [LogScriptEngine.java:389] [INFO] - Test script at 80.00%, done in 47.4 sec
[08:51:31 - Thread-2] [LogScriptEngine.java:389] [INFO] - Test script at 85.00%, done in 35.7 sec
[08:51:44 - Thread-2] [LogScriptEngine.java:389] [INFO] - Test script at 90.00%, done in 23.9 sec
[08:51:55 - Thread-2] [LogScriptEngine.java:389] [INFO] - Test script at 95.00%, done in 11.9 sec
[08:52:06 - Thread-2] [LogScriptEngine.java:375] [INFO] - Timeout event @ 1800000000
[08:52:06 - Thread-2] [Simulation.java:312] [INFO] - Simulation main loop stopped, system time: 1526719926179	Duration: 237402 ms	Simulated time 1800000 ms	Ratio 7.582075972401244
[08:52:06 - Thread-1] [LogScriptEngine.java:309] [INFO] - Test script finished
[08:52:06 - AWT-EventQueue-0] [ScriptRunner.java:430] [INFO] - Test script deactivated
