[15:49:22 - main] [Cooja.java:3172] [WARN] - JAVA_HOME environment variable not set, Cooja motes may not compile
[15:49:22 - main] [Cooja.java:1315] [INFO] - > Starting Cooja
[15:49:22 - main] [Cooja.java:2856] [INFO] - External tools default settings: /external_tools_linux_64.config
[15:49:22 - main] [Cooja.java:2886] [INFO] - External tools user settings: /root/.cooja.user.properties
[15:49:22 - main] [Simulation.java:422] [INFO] - Simulation random seed: -6704183614250766385
[15:49:22 - main] [MspMote.java:235] [INFO] - Loading firmware from: /code/sim/src/app.sky
[15:49:23 - main] [MspMote.java:235] [INFO] - Loading firmware from: /code/sim/src/app.sky
[15:49:23 - main] [MspMote.java:235] [INFO] - Loading firmware from: /code/sim/src/app.sky
[15:49:23 - main] [MspMote.java:235] [INFO] - Loading firmware from: /code/sim/src/app.sky
[15:49:23 - main] [MspMote.java:235] [INFO] - Loading firmware from: /code/sim/src/app.sky
[15:49:23 - main] [MspMote.java:235] [INFO] - Loading firmware from: /code/sim/src/app.sky
[15:49:23 - main] [MspMote.java:235] [INFO] - Loading firmware from: /code/sim/src/app.sky
[15:49:23 - main] [MspMote.java:235] [INFO] - Loading firmware from: /code/sim/src/app.sky
[15:49:23 - main] [MspMote.java:235] [INFO] - Loading firmware from: /code/sim/src/app.sky
[15:49:23 - main] [MspMote.java:235] [INFO] - Loading firmware from: /code/sim/src/app.sky
[15:49:23 - main] [Cooja.java:1781] [INFO] - Visualized plugin was not started: class org.contikios.cooja.plugins.SimControl
[15:49:23 - main] [Cooja.java:1781] [INFO] - Visualized plugin was not started: class org.contikios.cooja.plugins.Visualizer
[15:49:23 - main] [Cooja.java:1781] [INFO] - Visualized plugin was not started: class org.contikios.cooja.plugins.LogListener
[15:49:23 - main] [Cooja.java:1781] [INFO] - Visualized plugin was not started: class org.contikios.cooja.plugins.TimeLine
[15:49:23 - main] [Cooja.java:1781] [INFO] - Visualized plugin was not started: class org.contikios.cooja.plugins.RadioLogger
[15:49:23 - main] [ScriptRunner.java:430] [INFO] - Test script deactivated
[15:49:24 - main] [LogScriptEngine.java:265] [INFO] - Script timeout in 1800000 ms
[15:49:24 - main] [ScriptRunner.java:387] [INFO] - Test script activated
[15:49:24 - Thread-2] [Simulation.java:253] [INFO] - Simulation main loop started, system time: 1526831364386
[15:49:39 - Thread-2] [LogScriptEngine.java:389] [INFO] - Test script at 5.00%, done in 283.9 sec
[15:49:52 - Thread-2] [LogScriptEngine.java:389] [INFO] - Test script at 10.00%, done in 250.1 sec
[15:50:04 - Thread-2] [LogScriptEngine.java:389] [INFO] - Test script at 15.00%, done in 227.7 sec
[15:50:17 - Thread-2] [LogScriptEngine.java:389] [INFO] - Test script at 20.00%, done in 211.2 sec
[15:50:28 - Thread-2] [LogScriptEngine.java:389] [INFO] - Test script at 25.00%, done in 193.4 sec
[15:50:39 - Thread-2] [LogScriptEngine.java:389] [INFO] - Test script at 30.00%, done in 175.5 sec
[15:50:51 - Thread-2] [LogScriptEngine.java:389] [INFO] - Test script at 35.00%, done in 161.1 sec
[15:51:02 - Thread-2] [LogScriptEngine.java:389] [INFO] - Test script at 40.00%, done in 147.0 sec
[15:51:14 - Thread-2] [LogScriptEngine.java:389] [INFO] - Test script at 45.00%, done in 134.6 sec
[15:51:25 - Thread-2] [LogScriptEngine.java:389] [INFO] - Test script at 50.00%, done in 121.2 sec
[15:51:36 - Thread-2] [LogScriptEngine.java:389] [INFO] - Test script at 55.00%, done in 108.4 sec
[15:51:48 - Thread-2] [LogScriptEngine.java:389] [INFO] - Test script at 60.00%, done in 96.1 sec
[15:51:59 - Thread-2] [LogScriptEngine.java:389] [INFO] - Test script at 65.00%, done in 83.5 sec
[15:52:10 - Thread-2] [LogScriptEngine.java:389] [INFO] - Test script at 70.00%, done in 71.3 sec
[15:52:22 - Thread-2] [LogScriptEngine.java:389] [INFO] - Test script at 75.00%, done in 59.3 sec
[15:52:32 - Thread-2] [LogScriptEngine.java:389] [INFO] - Test script at 80.00%, done in 47.0 sec
[15:52:44 - Thread-2] [LogScriptEngine.java:389] [INFO] - Test script at 85.00%, done in 35.3 sec
[15:52:55 - Thread-2] [LogScriptEngine.java:389] [INFO] - Test script at 90.00%, done in 23.4 sec
[15:53:06 - Thread-2] [LogScriptEngine.java:389] [INFO] - Test script at 95.00%, done in 11.7 sec
[15:53:17 - Thread-2] [LogScriptEngine.java:375] [INFO] - Timeout event @ 1800000000
[15:53:17 - Thread-2] [Simulation.java:312] [INFO] - Simulation main loop stopped, system time: 1526831597537	Duration: 233151 ms	Simulated time 1800000 ms	Ratio 7.720318591813889
[15:53:17 - Thread-1] [LogScriptEngine.java:309] [INFO] - Test script finished
[15:53:18 - AWT-EventQueue-0] [ScriptRunner.java:430] [INFO] - Test script deactivated
