[14:50:47 - main] [Cooja.java:3172] [WARN] - JAVA_HOME environment variable not set, Cooja motes may not compile
[14:50:47 - main] [Cooja.java:1315] [INFO] - > Starting Cooja
[14:50:47 - main] [Cooja.java:2856] [INFO] - External tools default settings: /external_tools_linux_64.config
[14:50:47 - main] [Cooja.java:2886] [INFO] - External tools user settings: /root/.cooja.user.properties
[14:50:48 - main] [Simulation.java:422] [INFO] - Simulation random seed: 2875497277072114063
[14:50:48 - main] [MspMote.java:235] [INFO] - Loading firmware from: /code/sim/src/app.sky
[14:50:48 - main] [MspMote.java:235] [INFO] - Loading firmware from: /code/sim/src/app.sky
[14:50:48 - main] [MspMote.java:235] [INFO] - Loading firmware from: /code/sim/src/app.sky
[14:50:48 - main] [MspMote.java:235] [INFO] - Loading firmware from: /code/sim/src/app.sky
[14:50:48 - main] [MspMote.java:235] [INFO] - Loading firmware from: /code/sim/src/app.sky
[14:50:48 - main] [MspMote.java:235] [INFO] - Loading firmware from: /code/sim/src/app.sky
[14:50:48 - main] [MspMote.java:235] [INFO] - Loading firmware from: /code/sim/src/app.sky
[14:50:48 - main] [MspMote.java:235] [INFO] - Loading firmware from: /code/sim/src/app.sky
[14:50:48 - main] [MspMote.java:235] [INFO] - Loading firmware from: /code/sim/src/app.sky
[14:50:49 - main] [MspMote.java:235] [INFO] - Loading firmware from: /code/sim/src/app.sky
[14:50:49 - main] [Cooja.java:1781] [INFO] - Visualized plugin was not started: class org.contikios.cooja.plugins.SimControl
[14:50:49 - main] [Cooja.java:1781] [INFO] - Visualized plugin was not started: class org.contikios.cooja.plugins.Visualizer
[14:50:49 - main] [Cooja.java:1781] [INFO] - Visualized plugin was not started: class org.contikios.cooja.plugins.LogListener
[14:50:49 - main] [Cooja.java:1781] [INFO] - Visualized plugin was not started: class org.contikios.cooja.plugins.TimeLine
[14:50:49 - main] [Cooja.java:1781] [INFO] - Visualized plugin was not started: class org.contikios.cooja.plugins.RadioLogger
[14:50:49 - main] [ScriptRunner.java:430] [INFO] - Test script deactivated
[14:50:49 - main] [LogScriptEngine.java:265] [INFO] - Script timeout in 1800000 ms
[14:50:49 - main] [ScriptRunner.java:387] [INFO] - Test script activated
[14:50:49 - Thread-2] [Simulation.java:253] [INFO] - Simulation main loop started, system time: 1526827849989
[14:51:11 - Thread-2] [LogScriptEngine.java:389] [INFO] - Test script at 5.00%, done in 416.7 sec
[14:51:29 - Thread-2] [LogScriptEngine.java:389] [INFO] - Test script at 10.00%, done in 353.9 sec
[14:51:45 - Thread-2] [LogScriptEngine.java:389] [INFO] - Test script at 15.00%, done in 316.6 sec
[14:52:03 - Thread-2] [LogScriptEngine.java:389] [INFO] - Test script at 20.00%, done in 292.8 sec
[14:52:19 - Thread-2] [LogScriptEngine.java:389] [INFO] - Test script at 25.00%, done in 269.4 sec
[14:52:37 - Thread-2] [LogScriptEngine.java:389] [INFO] - Test script at 30.00%, done in 250.4 sec
[14:52:53 - Thread-2] [LogScriptEngine.java:389] [INFO] - Test script at 35.00%, done in 228.8 sec
[14:53:09 - Thread-2] [LogScriptEngine.java:389] [INFO] - Test script at 40.00%, done in 208.6 sec
[14:53:24 - Thread-2] [LogScriptEngine.java:389] [INFO] - Test script at 45.00%, done in 189.2 sec
[14:53:42 - Thread-2] [LogScriptEngine.java:389] [INFO] - Test script at 50.00%, done in 172.7 sec
[14:53:58 - Thread-2] [LogScriptEngine.java:389] [INFO] - Test script at 55.00%, done in 154.6 sec
[14:54:16 - Thread-2] [LogScriptEngine.java:389] [INFO] - Test script at 60.00%, done in 137.5 sec
[14:54:34 - Thread-2] [LogScriptEngine.java:389] [INFO] - Test script at 65.00%, done in 120.7 sec
[14:54:50 - Thread-2] [LogScriptEngine.java:389] [INFO] - Test script at 70.00%, done in 103.0 sec
[14:55:08 - Thread-2] [LogScriptEngine.java:389] [INFO] - Test script at 75.00%, done in 86.2 sec
[14:55:26 - Thread-2] [LogScriptEngine.java:389] [INFO] - Test script at 80.00%, done in 69.1 sec
[14:55:42 - Thread-2] [LogScriptEngine.java:389] [INFO] - Test script at 85.00%, done in 51.7 sec
[14:55:58 - Thread-2] [LogScriptEngine.java:389] [INFO] - Test script at 90.00%, done in 34.3 sec
[14:56:14 - Thread-2] [LogScriptEngine.java:389] [INFO] - Test script at 95.00%, done in 17.1 sec
[14:56:30 - Thread-2] [LogScriptEngine.java:375] [INFO] - Timeout event @ 1800000000
[14:56:30 - Thread-1] [LogScriptEngine.java:309] [INFO] - Test script finished
[14:56:30 - Thread-2] [Simulation.java:312] [INFO] - Simulation main loop stopped, system time: 1526828190577	Duration: 340588 ms	Simulated time 1800033 ms	Ratio 5.285074635630146
[14:56:31 - AWT-EventQueue-0] [ScriptRunner.java:430] [INFO] - Test script deactivated
