[08:20:08 - main] [Cooja.java:3172] [WARN] - JAVA_HOME environment variable not set, Cooja motes may not compile
[08:20:08 - main] [Cooja.java:1315] [INFO] - > Starting Cooja
[08:20:08 - main] [Cooja.java:2856] [INFO] - External tools default settings: /external_tools_linux_64.config
[08:20:08 - main] [Cooja.java:2886] [INFO] - External tools user settings: /root/.cooja.user.properties
[08:20:08 - main] [Simulation.java:422] [INFO] - Simulation random seed: -2998051039277969650
[08:20:08 - main] [MspMote.java:235] [INFO] - Loading firmware from: /code/sim/src/app.sky
[08:20:09 - main] [MspMote.java:235] [INFO] - Loading firmware from: /code/sim/src/app.sky
[08:20:09 - main] [MspMote.java:235] [INFO] - Loading firmware from: /code/sim/src/app.sky
[08:20:09 - main] [MspMote.java:235] [INFO] - Loading firmware from: /code/sim/src/app.sky
[08:20:09 - main] [MspMote.java:235] [INFO] - Loading firmware from: /code/sim/src/app.sky
[08:20:09 - main] [MspMote.java:235] [INFO] - Loading firmware from: /code/sim/src/app.sky
[08:20:09 - main] [MspMote.java:235] [INFO] - Loading firmware from: /code/sim/src/app.sky
[08:20:09 - main] [MspMote.java:235] [INFO] - Loading firmware from: /code/sim/src/app.sky
[08:20:09 - main] [MspMote.java:235] [INFO] - Loading firmware from: /code/sim/src/app.sky
[08:20:09 - main] [MspMote.java:235] [INFO] - Loading firmware from: /code/sim/src/app.sky
[08:20:09 - main] [Cooja.java:1781] [INFO] - Visualized plugin was not started: class org.contikios.cooja.plugins.SimControl
[08:20:09 - main] [Cooja.java:1781] [INFO] - Visualized plugin was not started: class org.contikios.cooja.plugins.Visualizer
[08:20:09 - main] [Cooja.java:1781] [INFO] - Visualized plugin was not started: class org.contikios.cooja.plugins.LogListener
[08:20:09 - main] [Cooja.java:1781] [INFO] - Visualized plugin was not started: class org.contikios.cooja.plugins.TimeLine
[08:20:09 - main] [Cooja.java:1781] [INFO] - Visualized plugin was not started: class org.contikios.cooja.plugins.RadioLogger
[08:20:09 - main] [ScriptRunner.java:430] [INFO] - Test script deactivated
[08:20:10 - main] [LogScriptEngine.java:265] [INFO] - Script timeout in 1800000 ms
[08:20:10 - main] [ScriptRunner.java:387] [INFO] - Test script activated
[08:20:10 - Thread-2] [Simulation.java:253] [INFO] - Simulation main loop started, system time: 1526718010468
[08:20:30 - Thread-2] [LogScriptEngine.java:389] [INFO] - Test script at 5.00%, done in 373.4 sec
[08:20:46 - Thread-2] [LogScriptEngine.java:389] [INFO] - Test script at 10.00%, done in 327.8 sec
[08:21:03 - Thread-2] [LogScriptEngine.java:389] [INFO] - Test script at 15.00%, done in 301.0 sec
[08:21:20 - Thread-2] [LogScriptEngine.java:389] [INFO] - Test script at 20.00%, done in 279.8 sec
[08:21:38 - Thread-2] [LogScriptEngine.java:389] [INFO] - Test script at 25.00%, done in 263.2 sec
[08:21:55 - Thread-2] [LogScriptEngine.java:389] [INFO] - Test script at 30.00%, done in 246.2 sec
[08:22:13 - Thread-2] [LogScriptEngine.java:389] [INFO] - Test script at 35.00%, done in 227.6 sec
[08:22:31 - Thread-2] [LogScriptEngine.java:389] [INFO] - Test script at 40.00%, done in 211.9 sec
[08:22:50 - Thread-2] [LogScriptEngine.java:389] [INFO] - Test script at 45.00%, done in 195.8 sec
[08:23:09 - Thread-2] [LogScriptEngine.java:389] [INFO] - Test script at 50.00%, done in 178.9 sec
[08:23:28 - Thread-2] [LogScriptEngine.java:389] [INFO] - Test script at 55.00%, done in 162.1 sec
[08:23:50 - Thread-2] [LogScriptEngine.java:389] [INFO] - Test script at 60.00%, done in 146.5 sec
[08:24:08 - Thread-2] [LogScriptEngine.java:389] [INFO] - Test script at 65.00%, done in 128.0 sec
[08:24:28 - Thread-2] [LogScriptEngine.java:389] [INFO] - Test script at 70.00%, done in 110.7 sec
[08:24:46 - Thread-2] [LogScriptEngine.java:389] [INFO] - Test script at 75.00%, done in 92.0 sec
[08:25:03 - Thread-2] [LogScriptEngine.java:389] [INFO] - Test script at 80.00%, done in 73.4 sec
[08:25:21 - Thread-2] [LogScriptEngine.java:389] [INFO] - Test script at 85.00%, done in 55.0 sec
[08:25:40 - Thread-2] [LogScriptEngine.java:389] [INFO] - Test script at 90.00%, done in 36.6 sec
[08:25:58 - Thread-2] [LogScriptEngine.java:389] [INFO] - Test script at 95.00%, done in 18.3 sec
[08:26:15 - Thread-2] [LogScriptEngine.java:375] [INFO] - Timeout event @ 1800000000
[08:26:15 - Thread-2] [Simulation.java:312] [INFO] - Simulation main loop stopped, system time: 1526718375894	Duration: 365426 ms	Simulated time 1800000 ms	Ratio 4.9257578825808785
[08:26:15 - Thread-1] [LogScriptEngine.java:309] [INFO] - Test script finished
[08:26:16 - AWT-EventQueue-0] [ScriptRunner.java:430] [INFO] - Test script deactivated
