[17:49:12 - main] [Cooja.java:3172] [WARN] - JAVA_HOME environment variable not set, Cooja motes may not compile
[17:49:12 - main] [Cooja.java:1315] [INFO] - > Starting Cooja
[17:49:12 - main] [Cooja.java:2856] [INFO] - External tools default settings: /external_tools_linux_64.config
[17:49:12 - main] [Cooja.java:2886] [INFO] - External tools user settings: /root/.cooja.user.properties
[17:49:12 - main] [Simulation.java:422] [INFO] - Simulation random seed: -4862062660523126527
[17:49:12 - main] [MspMote.java:235] [INFO] - Loading firmware from: /code/sim/src/app.sky
[17:49:13 - main] [MspMote.java:235] [INFO] - Loading firmware from: /code/sim/src/app.sky
[17:49:13 - main] [MspMote.java:235] [INFO] - Loading firmware from: /code/sim/src/app.sky
[17:49:13 - main] [MspMote.java:235] [INFO] - Loading firmware from: /code/sim/src/app.sky
[17:49:13 - main] [MspMote.java:235] [INFO] - Loading firmware from: /code/sim/src/app.sky
[17:49:13 - main] [MspMote.java:235] [INFO] - Loading firmware from: /code/sim/src/app.sky
[17:49:13 - main] [MspMote.java:235] [INFO] - Loading firmware from: /code/sim/src/app.sky
[17:49:13 - main] [MspMote.java:235] [INFO] - Loading firmware from: /code/sim/src/app.sky
[17:49:13 - main] [MspMote.java:235] [INFO] - Loading firmware from: /code/sim/src/app.sky
[17:49:13 - main] [MspMote.java:235] [INFO] - Loading firmware from: /code/sim/src/app.sky
[17:49:13 - main] [MspMote.java:235] [INFO] - Loading firmware from: /code/sim/src/app.sky
[17:49:13 - main] [MspMote.java:235] [INFO] - Loading firmware from: /code/sim/src/app.sky
[17:49:13 - main] [MspMote.java:235] [INFO] - Loading firmware from: /code/sim/src/app.sky
[17:49:13 - main] [MspMote.java:235] [INFO] - Loading firmware from: /code/sim/src/app.sky
[17:49:13 - main] [MspMote.java:235] [INFO] - Loading firmware from: /code/sim/src/app.sky
[17:49:13 - main] [MspMote.java:235] [INFO] - Loading firmware from: /code/sim/src/app.sky
[17:49:13 - main] [MspMote.java:235] [INFO] - Loading firmware from: /code/sim/src/app.sky
[17:49:13 - main] [MspMote.java:235] [INFO] - Loading firmware from: /code/sim/src/app.sky
[17:49:13 - main] [MspMote.java:235] [INFO] - Loading firmware from: /code/sim/src/app.sky
[17:49:14 - main] [MspMote.java:235] [INFO] - Loading firmware from: /code/sim/src/app.sky
[17:49:14 - main] [Cooja.java:1781] [INFO] - Visualized plugin was not started: class org.contikios.cooja.plugins.SimControl
[17:49:14 - main] [Cooja.java:1781] [INFO] - Visualized plugin was not started: class org.contikios.cooja.plugins.Visualizer
[17:49:14 - main] [Cooja.java:1781] [INFO] - Visualized plugin was not started: class org.contikios.cooja.plugins.LogListener
[17:49:14 - main] [Cooja.java:1781] [INFO] - Visualized plugin was not started: class org.contikios.cooja.plugins.TimeLine
[17:49:14 - main] [Cooja.java:1781] [INFO] - Visualized plugin was not started: class org.contikios.cooja.plugins.RadioLogger
[17:49:15 - main] [ScriptRunner.java:430] [INFO] - Test script deactivated
[17:49:15 - main] [LogScriptEngine.java:265] [INFO] - Script timeout in 1800000 ms
[17:49:16 - main] [ScriptRunner.java:387] [INFO] - Test script activated
[17:49:16 - Thread-2] [Simulation.java:253] [INFO] - Simulation main loop started, system time: 1527443356497
[17:50:19 - Thread-2] [LogScriptEngine.java:389] [INFO] - Test script at 5.00%, done in 1202.4 sec
[17:51:05 - Thread-2] [LogScriptEngine.java:389] [INFO] - Test script at 10.00%, done in 982.2 sec
[17:51:52 - Thread-2] [LogScriptEngine.java:389] [INFO] - Test script at 15.00%, done in 881.7 sec
[17:52:39 - Thread-2] [LogScriptEngine.java:389] [INFO] - Test script at 20.00%, done in 813.6 sec
[17:53:30 - Thread-2] [LogScriptEngine.java:389] [INFO] - Test script at 25.00%, done in 762.9 sec
[17:54:14 - Thread-2] [LogScriptEngine.java:389] [INFO] - Test script at 30.00%, done in 695.2 sec
[17:54:59 - Thread-2] [LogScriptEngine.java:389] [INFO] - Test script at 35.00%, done in 636.2 sec
[17:55:47 - Thread-2] [LogScriptEngine.java:389] [INFO] - Test script at 40.00%, done in 587.0 sec
[17:56:33 - Thread-2] [LogScriptEngine.java:389] [INFO] - Test script at 45.00%, done in 533.6 sec
[17:57:18 - Thread-2] [LogScriptEngine.java:389] [INFO] - Test script at 50.00%, done in 482.4 sec
[17:58:00 - Thread-2] [LogScriptEngine.java:389] [INFO] - Test script at 55.00%, done in 428.7 sec
[17:58:44 - Thread-2] [LogScriptEngine.java:389] [INFO] - Test script at 60.00%, done in 378.4 sec
[17:59:32 - Thread-2] [LogScriptEngine.java:389] [INFO] - Test script at 65.00%, done in 331.8 sec
[18:00:17 - Thread-2] [LogScriptEngine.java:389] [INFO] - Test script at 70.00%, done in 283.5 sec
[18:01:02 - Thread-2] [LogScriptEngine.java:389] [INFO] - Test script at 75.00%, done in 235.2 sec
[18:01:42 - Thread-2] [LogScriptEngine.java:389] [INFO] - Test script at 80.00%, done in 186.5 sec
[18:02:24 - Thread-2] [LogScriptEngine.java:389] [INFO] - Test script at 85.00%, done in 139.1 sec
[18:03:11 - Thread-2] [LogScriptEngine.java:389] [INFO] - Test script at 90.00%, done in 92.8 sec
[18:04:03 - Thread-2] [LogScriptEngine.java:389] [INFO] - Test script at 95.00%, done in 46.7 sec
[18:04:49 - Thread-2] [LogScriptEngine.java:375] [INFO] - Timeout event @ 1800000000
[18:04:49 - Thread-2] [Simulation.java:312] [INFO] - Simulation main loop stopped, system time: 1527444289523	Duration: 933026 ms	Simulated time 1800007 ms	Ratio 1.9292141912444025
[18:04:49 - Thread-1] [LogScriptEngine.java:309] [INFO] - Test script finished
[18:04:50 - AWT-EventQueue-0] [ScriptRunner.java:430] [INFO] - Test script deactivated
