[14:39:07 - main] [Cooja.java:3172] [WARN] - JAVA_HOME environment variable not set, Cooja motes may not compile
[14:39:07 - main] [Cooja.java:1315] [INFO] - > Starting Cooja
[14:39:07 - main] [Cooja.java:2856] [INFO] - External tools default settings: /external_tools_linux_64.config
[14:39:07 - main] [Cooja.java:2888] [WARN] - Error when reading user settings from: /root/.cooja.user.properties
[14:39:07 - main] [Simulation.java:422] [INFO] - Simulation random seed: -141911249359559268
[14:39:07 - main] [MspMote.java:235] [INFO] - Loading firmware from: /code/sim/src/app.sky
[14:39:08 - main] [MspMote.java:235] [INFO] - Loading firmware from: /code/sim/src/app.sky
[14:39:08 - main] [MspMote.java:235] [INFO] - Loading firmware from: /code/sim/src/app.sky
[14:39:08 - main] [MspMote.java:235] [INFO] - Loading firmware from: /code/sim/src/app.sky
[14:39:08 - main] [MspMote.java:235] [INFO] - Loading firmware from: /code/sim/src/app.sky
[14:39:08 - main] [MspMote.java:235] [INFO] - Loading firmware from: /code/sim/src/app.sky
[14:39:08 - main] [MspMote.java:235] [INFO] - Loading firmware from: /code/sim/src/app.sky
[14:39:08 - main] [MspMote.java:235] [INFO] - Loading firmware from: /code/sim/src/app.sky
[14:39:08 - main] [MspMote.java:235] [INFO] - Loading firmware from: /code/sim/src/app.sky
[14:39:08 - main] [MspMote.java:235] [INFO] - Loading firmware from: /code/sim/src/app.sky
[14:39:08 - main] [Cooja.java:1781] [INFO] - Visualized plugin was not started: class org.contikios.cooja.plugins.SimControl
[14:39:08 - main] [Cooja.java:1781] [INFO] - Visualized plugin was not started: class org.contikios.cooja.plugins.Visualizer
[14:39:08 - main] [Cooja.java:1781] [INFO] - Visualized plugin was not started: class org.contikios.cooja.plugins.LogListener
[14:39:08 - main] [Cooja.java:1781] [INFO] - Visualized plugin was not started: class org.contikios.cooja.plugins.TimeLine
[14:39:08 - main] [Cooja.java:1781] [INFO] - Visualized plugin was not started: class org.contikios.cooja.plugins.RadioLogger
[14:39:09 - main] [ScriptRunner.java:430] [INFO] - Test script deactivated
[14:39:09 - main] [LogScriptEngine.java:265] [INFO] - Script timeout in 1800000 ms
[14:39:10 - main] [ScriptRunner.java:387] [INFO] - Test script activated
[14:39:10 - Thread-2] [Simulation.java:253] [INFO] - Simulation main loop started, system time: 1526827150314
[14:39:30 - Thread-2] [LogScriptEngine.java:389] [INFO] - Test script at 5.00%, done in 391.6 sec
[14:39:50 - Thread-2] [LogScriptEngine.java:389] [INFO] - Test script at 10.00%, done in 358.9 sec
[14:40:19 - Thread-2] [LogScriptEngine.java:389] [INFO] - Test script at 15.00%, done in 391.8 sec
[14:40:36 - Thread-2] [LogScriptEngine.java:389] [INFO] - Test script at 20.00%, done in 346.5 sec
[14:40:53 - Thread-2] [LogScriptEngine.java:389] [INFO] - Test script at 25.00%, done in 309.3 sec
[14:41:09 - Thread-2] [LogScriptEngine.java:389] [INFO] - Test script at 30.00%, done in 279.2 sec
[14:41:26 - Thread-2] [LogScriptEngine.java:389] [INFO] - Test script at 35.00%, done in 252.8 sec
[14:41:42 - Thread-2] [LogScriptEngine.java:389] [INFO] - Test script at 40.00%, done in 228.6 sec
[14:41:59 - Thread-2] [LogScriptEngine.java:389] [INFO] - Test script at 45.00%, done in 206.4 sec
[14:42:15 - Thread-2] [LogScriptEngine.java:389] [INFO] - Test script at 50.00%, done in 185.3 sec
[14:42:31 - Thread-2] [LogScriptEngine.java:389] [INFO] - Test script at 55.00%, done in 164.9 sec
[14:42:48 - Thread-2] [LogScriptEngine.java:389] [INFO] - Test script at 60.00%, done in 145.2 sec
[14:43:04 - Thread-2] [LogScriptEngine.java:389] [INFO] - Test script at 65.00%, done in 126.2 sec
[14:43:21 - Thread-2] [LogScriptEngine.java:389] [INFO] - Test script at 70.00%, done in 107.6 sec
[14:43:37 - Thread-2] [LogScriptEngine.java:389] [INFO] - Test script at 75.00%, done in 89.1 sec
[14:43:54 - Thread-2] [LogScriptEngine.java:389] [INFO] - Test script at 80.00%, done in 70.9 sec
[14:44:10 - Thread-2] [LogScriptEngine.java:389] [INFO] - Test script at 85.00%, done in 53.0 sec
[14:44:26 - Thread-2] [LogScriptEngine.java:389] [INFO] - Test script at 90.00%, done in 35.2 sec
[14:44:43 - Thread-2] [LogScriptEngine.java:389] [INFO] - Test script at 95.00%, done in 17.5 sec
[14:45:01 - Thread-2] [LogScriptEngine.java:375] [INFO] - Timeout event @ 1800000000
[14:45:01 - Thread-2] [Simulation.java:312] [INFO] - Simulation main loop stopped, system time: 1526827501175	Duration: 350861 ms	Simulated time 1800038 ms	Ratio 5.13034506542477
[14:45:01 - Thread-1] [LogScriptEngine.java:309] [INFO] - Test script finished
[14:45:01 - AWT-EventQueue-0] [ScriptRunner.java:430] [INFO] - Test script deactivated
