[06:45:55 - main] [Cooja.java:3172] [WARN] - JAVA_HOME environment variable not set, Cooja motes may not compile
[06:45:55 - main] [Cooja.java:1315] [INFO] - > Starting Cooja
[06:45:55 - main] [Cooja.java:2856] [INFO] - External tools default settings: /external_tools_linux_64.config
[06:45:55 - main] [Cooja.java:2888] [WARN] - Error when reading user settings from: /root/.cooja.user.properties
[06:45:56 - main] [Simulation.java:422] [INFO] - Simulation random seed: 6693557100157573435
[06:45:56 - main] [MspMote.java:235] [INFO] - Loading firmware from: /code/sim/src/app.sky
[06:45:57 - main] [MspMote.java:235] [INFO] - Loading firmware from: /code/sim/src/app.sky
[06:45:57 - main] [MspMote.java:235] [INFO] - Loading firmware from: /code/sim/src/app.sky
[06:45:57 - main] [MspMote.java:235] [INFO] - Loading firmware from: /code/sim/src/app.sky
[06:45:57 - main] [MspMote.java:235] [INFO] - Loading firmware from: /code/sim/src/app.sky
[06:45:57 - main] [MspMote.java:235] [INFO] - Loading firmware from: /code/sim/src/app.sky
[06:45:57 - main] [MspMote.java:235] [INFO] - Loading firmware from: /code/sim/src/app.sky
[06:45:57 - main] [MspMote.java:235] [INFO] - Loading firmware from: /code/sim/src/app.sky
[06:45:57 - main] [MspMote.java:235] [INFO] - Loading firmware from: /code/sim/src/app.sky
[06:45:57 - main] [MspMote.java:235] [INFO] - Loading firmware from: /code/sim/src/app.sky
[06:45:57 - main] [Cooja.java:1781] [INFO] - Visualized plugin was not started: class org.contikios.cooja.plugins.SimControl
[06:45:57 - main] [Cooja.java:1781] [INFO] - Visualized plugin was not started: class org.contikios.cooja.plugins.Visualizer
[06:45:57 - main] [Cooja.java:1781] [INFO] - Visualized plugin was not started: class org.contikios.cooja.plugins.LogListener
[06:45:57 - main] [Cooja.java:1781] [INFO] - Visualized plugin was not started: class org.contikios.cooja.plugins.TimeLine
[06:45:57 - main] [Cooja.java:1781] [INFO] - Visualized plugin was not started: class org.contikios.cooja.plugins.RadioLogger
[06:45:57 - main] [ScriptRunner.java:430] [INFO] - Test script deactivated
[06:45:58 - main] [LogScriptEngine.java:265] [INFO] - Script timeout in 1800000 ms
[06:45:58 - main] [ScriptRunner.java:387] [INFO] - Test script activated
[06:45:58 - Thread-2] [Simulation.java:253] [INFO] - Simulation main loop started, system time: 1526712358823
[06:46:08 - Thread-2] [LogScriptEngine.java:389] [INFO] - Test script at 5.00%, done in 182.3 sec
[06:46:16 - Thread-2] [LogScriptEngine.java:389] [INFO] - Test script at 10.00%, done in 158.4 sec
[06:46:23 - Thread-2] [LogScriptEngine.java:389] [INFO] - Test script at 15.00%, done in 141.4 sec
[06:46:31 - Thread-2] [LogScriptEngine.java:389] [INFO] - Test script at 20.00%, done in 128.9 sec
[06:46:38 - Thread-2] [LogScriptEngine.java:389] [INFO] - Test script at 25.00%, done in 118.8 sec
[06:46:45 - Thread-2] [LogScriptEngine.java:389] [INFO] - Test script at 30.00%, done in 109.3 sec
[06:46:52 - Thread-2] [LogScriptEngine.java:389] [INFO] - Test script at 35.00%, done in 100.4 sec
[06:46:59 - Thread-2] [LogScriptEngine.java:389] [INFO] - Test script at 40.00%, done in 91.8 sec
[06:47:07 - Thread-2] [LogScriptEngine.java:389] [INFO] - Test script at 45.00%, done in 83.5 sec
[06:47:14 - Thread-2] [LogScriptEngine.java:389] [INFO] - Test script at 50.00%, done in 75.5 sec
[06:47:21 - Thread-2] [LogScriptEngine.java:389] [INFO] - Test script at 55.00%, done in 67.6 sec
[06:47:28 - Thread-2] [LogScriptEngine.java:389] [INFO] - Test script at 60.00%, done in 60.0 sec
[06:47:35 - Thread-2] [LogScriptEngine.java:389] [INFO] - Test script at 65.00%, done in 52.3 sec
[06:47:43 - Thread-2] [LogScriptEngine.java:389] [INFO] - Test script at 70.00%, done in 44.7 sec
[06:47:50 - Thread-2] [LogScriptEngine.java:389] [INFO] - Test script at 75.00%, done in 37.2 sec
[06:47:57 - Thread-2] [LogScriptEngine.java:389] [INFO] - Test script at 80.00%, done in 29.7 sec
[06:48:04 - Thread-2] [LogScriptEngine.java:389] [INFO] - Test script at 85.00%, done in 22.2 sec
[06:48:11 - Thread-2] [LogScriptEngine.java:389] [INFO] - Test script at 90.00%, done in 14.8 sec
[06:48:19 - Thread-2] [LogScriptEngine.java:389] [INFO] - Test script at 95.00%, done in 7.4 sec
[06:48:26 - Thread-2] [LogScriptEngine.java:375] [INFO] - Timeout event @ 1800000000
[06:48:26 - Thread-2] [Simulation.java:312] [INFO] - Simulation main loop stopped, system time: 1526712506252	Duration: 147429 ms	Simulated time 1800000 ms	Ratio 12.209266833526646
[06:48:26 - Thread-1] [LogScriptEngine.java:309] [INFO] - Test script finished
[06:48:26 - AWT-EventQueue-0] [ScriptRunner.java:430] [INFO] - Test script deactivated
