[10:17:47 - main] [Cooja.java:3172] [WARN] - JAVA_HOME environment variable not set, Cooja motes may not compile
[10:17:47 - main] [Cooja.java:1315] [INFO] - > Starting Cooja
[10:17:47 - main] [Cooja.java:2856] [INFO] - External tools default settings: /external_tools_linux_64.config
[10:17:47 - main] [Cooja.java:2886] [INFO] - External tools user settings: /root/.cooja.user.properties
[10:17:47 - main] [Simulation.java:422] [INFO] - Simulation random seed: 6399483945678558348
[10:17:48 - main] [MspMote.java:235] [INFO] - Loading firmware from: /code/sim/src/app.sky
[10:17:48 - main] [MspMote.java:235] [INFO] - Loading firmware from: /code/sim/src/app.sky
[10:17:48 - main] [MspMote.java:235] [INFO] - Loading firmware from: /code/sim/src/app.sky
[10:17:48 - main] [MspMote.java:235] [INFO] - Loading firmware from: /code/sim/src/app.sky
[10:17:48 - main] [MspMote.java:235] [INFO] - Loading firmware from: /code/sim/src/app.sky
[10:17:48 - main] [MspMote.java:235] [INFO] - Loading firmware from: /code/sim/src/app.sky
[10:17:48 - main] [MspMote.java:235] [INFO] - Loading firmware from: /code/sim/src/app.sky
[10:17:48 - main] [MspMote.java:235] [INFO] - Loading firmware from: /code/sim/src/app.sky
[10:17:48 - main] [MspMote.java:235] [INFO] - Loading firmware from: /code/sim/src/app.sky
[10:17:48 - main] [MspMote.java:235] [INFO] - Loading firmware from: /code/sim/src/app.sky
[10:17:48 - main] [Cooja.java:1781] [INFO] - Visualized plugin was not started: class org.contikios.cooja.plugins.SimControl
[10:17:49 - main] [Cooja.java:1781] [INFO] - Visualized plugin was not started: class org.contikios.cooja.plugins.Visualizer
[10:17:49 - main] [Cooja.java:1781] [INFO] - Visualized plugin was not started: class org.contikios.cooja.plugins.LogListener
[10:17:49 - main] [Cooja.java:1781] [INFO] - Visualized plugin was not started: class org.contikios.cooja.plugins.TimeLine
[10:17:49 - main] [Cooja.java:1781] [INFO] - Visualized plugin was not started: class org.contikios.cooja.plugins.RadioLogger
[10:17:49 - main] [ScriptRunner.java:430] [INFO] - Test script deactivated
[10:17:49 - main] [LogScriptEngine.java:265] [INFO] - Script timeout in 1800000 ms
[10:17:49 - main] [ScriptRunner.java:387] [INFO] - Test script activated
[10:17:49 - Thread-2] [Simulation.java:253] [INFO] - Simulation main loop started, system time: 1526725069857
[10:18:03 - Thread-2] [LogScriptEngine.java:389] [INFO] - Test script at 5.00%, done in 260.5 sec
[10:18:15 - Thread-2] [LogScriptEngine.java:389] [INFO] - Test script at 10.00%, done in 226.4 sec
[10:18:26 - Thread-2] [LogScriptEngine.java:389] [INFO] - Test script at 15.00%, done in 206.2 sec
[10:18:37 - Thread-2] [LogScriptEngine.java:389] [INFO] - Test script at 20.00%, done in 191.6 sec
[10:18:50 - Thread-2] [LogScriptEngine.java:389] [INFO] - Test script at 25.00%, done in 181.0 sec
[10:19:01 - Thread-2] [LogScriptEngine.java:389] [INFO] - Test script at 30.00%, done in 167.8 sec
[10:19:13 - Thread-2] [LogScriptEngine.java:389] [INFO] - Test script at 35.00%, done in 155.4 sec
[10:19:24 - Thread-2] [LogScriptEngine.java:389] [INFO] - Test script at 40.00%, done in 142.3 sec
[10:19:36 - Thread-2] [LogScriptEngine.java:389] [INFO] - Test script at 45.00%, done in 130.1 sec
[10:19:48 - Thread-2] [LogScriptEngine.java:389] [INFO] - Test script at 50.00%, done in 118.3 sec
[10:19:59 - Thread-2] [LogScriptEngine.java:389] [INFO] - Test script at 55.00%, done in 106.4 sec
[10:20:11 - Thread-2] [LogScriptEngine.java:389] [INFO] - Test script at 60.00%, done in 94.5 sec
[10:20:23 - Thread-2] [LogScriptEngine.java:389] [INFO] - Test script at 65.00%, done in 82.7 sec
[10:20:34 - Thread-2] [LogScriptEngine.java:389] [INFO] - Test script at 70.00%, done in 70.6 sec
[10:20:46 - Thread-2] [LogScriptEngine.java:389] [INFO] - Test script at 75.00%, done in 58.8 sec
[10:20:57 - Thread-2] [LogScriptEngine.java:389] [INFO] - Test script at 80.00%, done in 46.8 sec
[10:21:08 - Thread-2] [LogScriptEngine.java:389] [INFO] - Test script at 85.00%, done in 35.1 sec
[10:21:20 - Thread-2] [LogScriptEngine.java:389] [INFO] - Test script at 90.00%, done in 23.4 sec
[10:21:31 - Thread-2] [LogScriptEngine.java:389] [INFO] - Test script at 95.00%, done in 11.7 sec
[10:21:43 - Thread-2] [LogScriptEngine.java:375] [INFO] - Timeout event @ 1800000000
[10:21:43 - Thread-2] [Simulation.java:312] [INFO] - Simulation main loop stopped, system time: 1526725303091	Duration: 233234 ms	Simulated time 1800000 ms	Ratio 7.71757119459427
[10:21:43 - Thread-1] [LogScriptEngine.java:309] [INFO] - Test script finished
[10:21:43 - AWT-EventQueue-0] [ScriptRunner.java:430] [INFO] - Test script deactivated
