----- Data Collection Node Statistics -----
Node 2: TX Packets = 59, RX Packets = 59, PDR = 100.00%, PLR = 0.00%
Node 3: TX Packets = 59, RX Packets = 58, PDR = 98.31%, PLR = 1.69%
Node 4: TX Packets = 59, RX Packets = 58, PDR = 98.31%, PLR = 1.69%
Node 5: TX Packets = 59, RX Packets = 59, PDR = 100.00%, PLR = 0.00%
Node 6: TX Packets = 59, RX Packets = 56, PDR = 94.92%, PLR = 5.08%
Node 7: TX Packets = 59, RX Packets = 55, PDR = 93.22%, PLR = 6.78%

----- Data Collection Overall Statistics -----
Total Number of Packets Sent: 354
Total Number of Packets Received: 345
Overall PDR = 97.46%
Overall PLR = 2.54%

----- Source Routing Node Statistics -----
Node 2: TX Packets = 29, RX Packets = 29, PDR = 100.00%, PLR = 0.00%
Node 3: TX Packets = 29, RX Packets = 29, PDR = 100.00%, PLR = 0.00%
Node 4: TX Packets = 29, RX Packets = 26, PDR = 89.66%, PLR = 10.34%
Node 5: TX Packets = 29, RX Packets = 29, PDR = 100.00%, PLR = 0.00%
Node 6: TX Packets = 29, RX Packets = 29, PDR = 100.00%, PLR = 0.00%
Node 7: TX Packets = 28, RX Packets = 25, PDR = 89.29%, PLR = 10.71%

----- Source Routing Overall Statistics -----
Total Number of Packets Sent: 173
Total Number of Packets Received: 167
Overall PDR = 96.53%
Overall PLR = 3.47%
