[10:44:26 - main] [Cooja.java:3172] [WARN] - JAVA_HOME environment variable not set, Cooja motes may not compile
[10:44:26 - main] [Cooja.java:1315] [INFO] - > Starting Cooja
[10:44:26 - main] [Cooja.java:2856] [INFO] - External tools default settings: /external_tools_linux_64.config
[10:44:26 - main] [Cooja.java:2886] [INFO] - External tools user settings: /root/.cooja.user.properties
[10:44:27 - main] [Simulation.java:422] [INFO] - Simulation random seed: 8273043036336327791
[10:44:27 - main] [MspMote.java:235] [INFO] - Loading firmware from: /code/sim/src/app.sky
[10:44:28 - main] [MspMote.java:235] [INFO] - Loading firmware from: /code/sim/src/app.sky
[10:44:28 - main] [MspMote.java:235] [INFO] - Loading firmware from: /code/sim/src/app.sky
[10:44:28 - main] [MspMote.java:235] [INFO] - Loading firmware from: /code/sim/src/app.sky
[10:44:28 - main] [MspMote.java:235] [INFO] - Loading firmware from: /code/sim/src/app.sky
[10:44:28 - main] [MspMote.java:235] [INFO] - Loading firmware from: /code/sim/src/app.sky
[10:44:28 - main] [MspMote.java:235] [INFO] - Loading firmware from: /code/sim/src/app.sky
[10:44:28 - main] [MspMote.java:235] [INFO] - Loading firmware from: /code/sim/src/app.sky
[10:44:28 - main] [MspMote.java:235] [INFO] - Loading firmware from: /code/sim/src/app.sky
[10:44:28 - main] [MspMote.java:235] [INFO] - Loading firmware from: /code/sim/src/app.sky
[10:44:28 - main] [Cooja.java:1781] [INFO] - Visualized plugin was not started: class org.contikios.cooja.plugins.SimControl
[10:44:28 - main] [Cooja.java:1781] [INFO] - Visualized plugin was not started: class org.contikios.cooja.plugins.Visualizer
[10:44:28 - main] [Cooja.java:1781] [INFO] - Visualized plugin was not started: class org.contikios.cooja.plugins.LogListener
[10:44:28 - main] [Cooja.java:1781] [INFO] - Visualized plugin was not started: class org.contikios.cooja.plugins.TimeLine
[10:44:29 - main] [Cooja.java:1781] [INFO] - Visualized plugin was not started: class org.contikios.cooja.plugins.RadioLogger
[10:44:29 - main] [ScriptRunner.java:430] [INFO] - Test script deactivated
[10:44:29 - main] [LogScriptEngine.java:265] [INFO] - Script timeout in 1800000 ms
[10:44:30 - main] [ScriptRunner.java:387] [INFO] - Test script activated
[10:44:30 - Thread-2] [Simulation.java:253] [INFO] - Simulation main loop started, system time: 1526726670621
[10:45:02 - Thread-2] [LogScriptEngine.java:389] [INFO] - Test script at 5.00%, done in 601.7 sec
[10:45:30 - Thread-2] [LogScriptEngine.java:389] [INFO] - Test script at 10.00%, done in 538.0 sec
[10:45:49 - Thread-2] [LogScriptEngine.java:389] [INFO] - Test script at 15.00%, done in 448.0 sec
[10:46:06 - Thread-2] [LogScriptEngine.java:389] [INFO] - Test script at 20.00%, done in 383.9 sec
[10:46:24 - Thread-2] [LogScriptEngine.java:389] [INFO] - Test script at 25.00%, done in 341.4 sec
[10:46:41 - Thread-2] [LogScriptEngine.java:389] [INFO] - Test script at 30.00%, done in 306.1 sec
[10:47:01 - Thread-2] [LogScriptEngine.java:389] [INFO] - Test script at 35.00%, done in 280.4 sec
[10:47:18 - Thread-2] [LogScriptEngine.java:389] [INFO] - Test script at 40.00%, done in 252.3 sec
[10:47:38 - Thread-2] [LogScriptEngine.java:389] [INFO] - Test script at 45.00%, done in 229.8 sec
[10:47:56 - Thread-2] [LogScriptEngine.java:389] [INFO] - Test script at 50.00%, done in 206.0 sec
[10:48:14 - Thread-2] [LogScriptEngine.java:389] [INFO] - Test script at 55.00%, done in 183.5 sec
[10:48:32 - Thread-2] [LogScriptEngine.java:389] [INFO] - Test script at 60.00%, done in 161.4 sec
[10:48:49 - Thread-2] [LogScriptEngine.java:389] [INFO] - Test script at 65.00%, done in 139.5 sec
[10:49:07 - Thread-2] [LogScriptEngine.java:389] [INFO] - Test script at 70.00%, done in 118.9 sec
[10:49:24 - Thread-2] [LogScriptEngine.java:389] [INFO] - Test script at 75.00%, done in 98.0 sec
[10:49:44 - Thread-2] [LogScriptEngine.java:389] [INFO] - Test script at 80.00%, done in 78.5 sec
[10:50:03 - Thread-2] [LogScriptEngine.java:389] [INFO] - Test script at 85.00%, done in 58.8 sec
[10:50:20 - Thread-2] [LogScriptEngine.java:389] [INFO] - Test script at 90.00%, done in 38.9 sec
[10:50:38 - Thread-2] [LogScriptEngine.java:389] [INFO] - Test script at 95.00%, done in 19.4 sec
[10:50:56 - Thread-2] [LogScriptEngine.java:375] [INFO] - Timeout event @ 1800000000
[10:50:56 - Thread-2] [Simulation.java:312] [INFO] - Simulation main loop stopped, system time: 1526727056622	Duration: 386001 ms	Simulated time 1800000 ms	Ratio 4.6632003544032266
[10:50:56 - Thread-1] [LogScriptEngine.java:309] [INFO] - Test script finished
[10:50:57 - AWT-EventQueue-0] [ScriptRunner.java:430] [INFO] - Test script deactivated
