[11:28:27 - main] [Cooja.java:3172] [WARN] - JAVA_HOME environment variable not set, Cooja motes may not compile
[11:28:27 - main] [Cooja.java:1315] [INFO] - > Starting Cooja
[11:28:27 - main] [Cooja.java:2856] [INFO] - External tools default settings: /external_tools_linux_64.config
[11:28:27 - main] [Cooja.java:2886] [INFO] - External tools user settings: /root/.cooja.user.properties
[11:28:28 - main] [Simulation.java:422] [INFO] - Simulation random seed: -4168069874409587768
[11:28:28 - main] [MspMote.java:235] [INFO] - Loading firmware from: /code/sim/src/app.sky
[11:28:29 - main] [MspMote.java:235] [INFO] - Loading firmware from: /code/sim/src/app.sky
[11:28:29 - main] [MspMote.java:235] [INFO] - Loading firmware from: /code/sim/src/app.sky
[11:28:29 - main] [MspMote.java:235] [INFO] - Loading firmware from: /code/sim/src/app.sky
[11:28:29 - main] [MspMote.java:235] [INFO] - Loading firmware from: /code/sim/src/app.sky
[11:28:29 - main] [MspMote.java:235] [INFO] - Loading firmware from: /code/sim/src/app.sky
[11:28:29 - main] [MspMote.java:235] [INFO] - Loading firmware from: /code/sim/src/app.sky
[11:28:29 - main] [Cooja.java:1781] [INFO] - Visualized plugin was not started: class org.contikios.cooja.plugins.SimControl
[11:28:29 - main] [Cooja.java:1781] [INFO] - Visualized plugin was not started: class org.contikios.cooja.plugins.Visualizer
[11:28:29 - main] [Cooja.java:1781] [INFO] - Visualized plugin was not started: class org.contikios.cooja.plugins.LogListener
[11:28:29 - main] [Cooja.java:1781] [INFO] - Visualized plugin was not started: class org.contikios.cooja.plugins.TimeLine
[11:28:30 - main] [Cooja.java:1781] [INFO] - Visualized plugin was not started: class org.contikios.cooja.plugins.RadioLogger
[11:28:30 - main] [ScriptRunner.java:430] [INFO] - Test script deactivated
[11:28:31 - main] [LogScriptEngine.java:265] [INFO] - Script timeout in 1800000 ms
[11:28:31 - main] [ScriptRunner.java:387] [INFO] - Test script activated
[11:28:31 - Thread-2] [Simulation.java:253] [INFO] - Simulation main loop started, system time: 1526902111616
[11:28:42 - Thread-2] [LogScriptEngine.java:389] [INFO] - Test script at 5.00%, done in 214.4 sec
[11:28:52 - Thread-2] [LogScriptEngine.java:389] [INFO] - Test script at 10.00%, done in 188.0 sec
[11:29:02 - Thread-2] [LogScriptEngine.java:389] [INFO] - Test script at 15.00%, done in 172.2 sec
[11:29:12 - Thread-2] [LogScriptEngine.java:389] [INFO] - Test script at 20.00%, done in 161.6 sec
[11:29:21 - Thread-2] [LogScriptEngine.java:389] [INFO] - Test script at 25.00%, done in 150.6 sec
[11:29:30 - Thread-2] [LogScriptEngine.java:389] [INFO] - Test script at 30.00%, done in 137.9 sec
[11:29:40 - Thread-2] [LogScriptEngine.java:389] [INFO] - Test script at 35.00%, done in 127.1 sec
[11:29:50 - Thread-2] [LogScriptEngine.java:389] [INFO] - Test script at 40.00%, done in 118.8 sec
[11:29:59 - Thread-2] [LogScriptEngine.java:389] [INFO] - Test script at 45.00%, done in 107.8 sec
[11:30:08 - Thread-2] [LogScriptEngine.java:389] [INFO] - Test script at 50.00%, done in 97.1 sec
[11:30:17 - Thread-2] [LogScriptEngine.java:389] [INFO] - Test script at 55.00%, done in 87.0 sec
[11:30:26 - Thread-2] [LogScriptEngine.java:389] [INFO] - Test script at 60.00%, done in 76.9 sec
[11:30:36 - Thread-2] [LogScriptEngine.java:389] [INFO] - Test script at 65.00%, done in 67.2 sec
[11:30:44 - Thread-2] [LogScriptEngine.java:389] [INFO] - Test script at 70.00%, done in 57.0 sec
[11:30:53 - Thread-2] [LogScriptEngine.java:389] [INFO] - Test script at 75.00%, done in 47.3 sec
[11:31:02 - Thread-2] [LogScriptEngine.java:389] [INFO] - Test script at 80.00%, done in 37.8 sec
[11:31:11 - Thread-2] [LogScriptEngine.java:389] [INFO] - Test script at 85.00%, done in 28.2 sec
[11:31:19 - Thread-2] [LogScriptEngine.java:389] [INFO] - Test script at 90.00%, done in 18.7 sec
[11:31:28 - Thread-2] [LogScriptEngine.java:389] [INFO] - Test script at 95.00%, done in 9.3 sec
[11:31:40 - Thread-2] [LogScriptEngine.java:375] [INFO] - Timeout event @ 1800000000
[11:31:40 - Thread-1] [LogScriptEngine.java:309] [INFO] - Test script finished
[11:31:40 - Thread-2] [Simulation.java:312] [INFO] - Simulation main loop stopped, system time: 1526902300257	Duration: 188641 ms	Simulated time 1800066 ms	Ratio 9.542284020971051
[11:31:40 - AWT-EventQueue-0] [ScriptRunner.java:430] [INFO] - Test script deactivated
