[09:24:05 - main] [Cooja.java:3172] [WARN] - JAVA_HOME environment variable not set, Cooja motes may not compile
[09:24:05 - main] [Cooja.java:1315] [INFO] - > Starting Cooja
[09:24:05 - main] [Cooja.java:2856] [INFO] - External tools default settings: /external_tools_linux_64.config
[09:24:05 - main] [Cooja.java:2886] [INFO] - External tools user settings: /root/.cooja.user.properties
[09:24:05 - main] [Simulation.java:422] [INFO] - Simulation random seed: 8780107669510525270
[09:24:06 - main] [MspMote.java:235] [INFO] - Loading firmware from: /code/sim/src/app.sky
[09:24:06 - main] [MspMote.java:235] [INFO] - Loading firmware from: /code/sim/src/app.sky
[09:24:06 - main] [MspMote.java:235] [INFO] - Loading firmware from: /code/sim/src/app.sky
[09:24:06 - main] [MspMote.java:235] [INFO] - Loading firmware from: /code/sim/src/app.sky
[09:24:06 - main] [MspMote.java:235] [INFO] - Loading firmware from: /code/sim/src/app.sky
[09:24:06 - main] [MspMote.java:235] [INFO] - Loading firmware from: /code/sim/src/app.sky
[09:24:07 - main] [MspMote.java:235] [INFO] - Loading firmware from: /code/sim/src/app.sky
[09:24:07 - main] [MspMote.java:235] [INFO] - Loading firmware from: /code/sim/src/app.sky
[09:24:07 - main] [MspMote.java:235] [INFO] - Loading firmware from: /code/sim/src/app.sky
[09:24:07 - main] [MspMote.java:235] [INFO] - Loading firmware from: /code/sim/src/app.sky
[09:24:07 - main] [Cooja.java:1781] [INFO] - Visualized plugin was not started: class org.contikios.cooja.plugins.SimControl
[09:24:07 - main] [Cooja.java:1781] [INFO] - Visualized plugin was not started: class org.contikios.cooja.plugins.Visualizer
[09:24:07 - main] [Cooja.java:1781] [INFO] - Visualized plugin was not started: class org.contikios.cooja.plugins.LogListener
[09:24:07 - main] [Cooja.java:1781] [INFO] - Visualized plugin was not started: class org.contikios.cooja.plugins.TimeLine
[09:24:07 - main] [Cooja.java:1781] [INFO] - Visualized plugin was not started: class org.contikios.cooja.plugins.RadioLogger
[09:24:07 - main] [ScriptRunner.java:430] [INFO] - Test script deactivated
[09:24:08 - main] [LogScriptEngine.java:265] [INFO] - Script timeout in 1800000 ms
[09:24:08 - main] [ScriptRunner.java:387] [INFO] - Test script activated
[09:24:08 - Thread-2] [Simulation.java:253] [INFO] - Simulation main loop started, system time: 1526721848834
[09:24:33 - Thread-2] [LogScriptEngine.java:389] [INFO] - Test script at 5.00%, done in 461.9 sec
[09:24:51 - Thread-2] [LogScriptEngine.java:389] [INFO] - Test script at 10.00%, done in 381.9 sec
[09:25:09 - Thread-2] [LogScriptEngine.java:389] [INFO] - Test script at 15.00%, done in 346.5 sec
[09:25:27 - Thread-2] [LogScriptEngine.java:389] [INFO] - Test script at 20.00%, done in 313.7 sec
[09:25:45 - Thread-2] [LogScriptEngine.java:389] [INFO] - Test script at 25.00%, done in 289.7 sec
[09:26:02 - Thread-2] [LogScriptEngine.java:389] [INFO] - Test script at 30.00%, done in 264.9 sec
[09:26:19 - Thread-2] [LogScriptEngine.java:389] [INFO] - Test script at 35.00%, done in 241.9 sec
[09:26:36 - Thread-2] [LogScriptEngine.java:389] [INFO] - Test script at 40.00%, done in 221.3 sec
[09:26:53 - Thread-2] [LogScriptEngine.java:389] [INFO] - Test script at 45.00%, done in 201.2 sec
[09:27:12 - Thread-2] [LogScriptEngine.java:389] [INFO] - Test script at 50.00%, done in 183.4 sec
[09:27:29 - Thread-2] [LogScriptEngine.java:389] [INFO] - Test script at 55.00%, done in 164.6 sec
[09:27:47 - Thread-2] [LogScriptEngine.java:389] [INFO] - Test script at 60.00%, done in 145.5 sec
[09:28:04 - Thread-2] [LogScriptEngine.java:389] [INFO] - Test script at 65.00%, done in 126.8 sec
[09:28:22 - Thread-2] [LogScriptEngine.java:389] [INFO] - Test script at 70.00%, done in 108.5 sec
[09:28:38 - Thread-2] [LogScriptEngine.java:389] [INFO] - Test script at 75.00%, done in 90.0 sec
[09:28:55 - Thread-2] [LogScriptEngine.java:389] [INFO] - Test script at 80.00%, done in 71.8 sec
[09:29:12 - Thread-2] [LogScriptEngine.java:389] [INFO] - Test script at 85.00%, done in 53.6 sec
[09:29:29 - Thread-2] [LogScriptEngine.java:389] [INFO] - Test script at 90.00%, done in 35.6 sec
[09:29:47 - Thread-2] [LogScriptEngine.java:389] [INFO] - Test script at 95.00%, done in 17.8 sec
[09:30:04 - Thread-2] [LogScriptEngine.java:375] [INFO] - Timeout event @ 1800000000
[09:30:04 - Thread-2] [Simulation.java:312] [INFO] - Simulation main loop stopped, system time: 1526722204887	Duration: 356053 ms	Simulated time 1800000 ms	Ratio 5.055427141464894
[09:30:04 - Thread-1] [LogScriptEngine.java:309] [INFO] - Test script finished
[09:30:05 - AWT-EventQueue-0] [ScriptRunner.java:430] [INFO] - Test script deactivated
