[18:22:19 - main] [Cooja.java:3172] [WARN] - JAVA_HOME environment variable not set, Cooja motes may not compile
[18:22:19 - main] [Cooja.java:1315] [INFO] - > Starting Cooja
[18:22:19 - main] [Cooja.java:2856] [INFO] - External tools default settings: /external_tools_linux_64.config
[18:22:19 - main] [Cooja.java:2886] [INFO] - External tools user settings: /root/.cooja.user.properties
[18:22:20 - main] [Simulation.java:422] [INFO] - Simulation random seed: -5050415825906095847
[18:22:20 - main] [MspMote.java:235] [INFO] - Loading firmware from: /code/sim/src/app.sky
[18:22:20 - main] [MspMote.java:235] [INFO] - Loading firmware from: /code/sim/src/app.sky
[18:22:20 - main] [MspMote.java:235] [INFO] - Loading firmware from: /code/sim/src/app.sky
[18:22:20 - main] [MspMote.java:235] [INFO] - Loading firmware from: /code/sim/src/app.sky
[18:22:20 - main] [MspMote.java:235] [INFO] - Loading firmware from: /code/sim/src/app.sky
[18:22:20 - main] [MspMote.java:235] [INFO] - Loading firmware from: /code/sim/src/app.sky
[18:22:20 - main] [MspMote.java:235] [INFO] - Loading firmware from: /code/sim/src/app.sky
[18:22:20 - main] [MspMote.java:235] [INFO] - Loading firmware from: /code/sim/src/app.sky
[18:22:21 - main] [MspMote.java:235] [INFO] - Loading firmware from: /code/sim/src/app.sky
[18:22:21 - main] [MspMote.java:235] [INFO] - Loading firmware from: /code/sim/src/app.sky
[18:22:21 - main] [Cooja.java:1781] [INFO] - Visualized plugin was not started: class org.contikios.cooja.plugins.SimControl
[18:22:21 - main] [Cooja.java:1781] [INFO] - Visualized plugin was not started: class org.contikios.cooja.plugins.Visualizer
[18:22:21 - main] [Cooja.java:1781] [INFO] - Visualized plugin was not started: class org.contikios.cooja.plugins.LogListener
[18:22:21 - main] [Cooja.java:1781] [INFO] - Visualized plugin was not started: class org.contikios.cooja.plugins.TimeLine
[18:22:21 - main] [Cooja.java:1781] [INFO] - Visualized plugin was not started: class org.contikios.cooja.plugins.RadioLogger
[18:22:21 - main] [ScriptRunner.java:430] [INFO] - Test script deactivated
[18:22:21 - main] [LogScriptEngine.java:265] [INFO] - Script timeout in 1800000 ms
[18:22:22 - main] [ScriptRunner.java:387] [INFO] - Test script activated
[18:22:22 - Thread-2] [Simulation.java:253] [INFO] - Simulation main loop started, system time: 1526840542007
[18:22:40 - Thread-2] [LogScriptEngine.java:389] [INFO] - Test script at 5.00%, done in 350.1 sec
[18:22:56 - Thread-2] [LogScriptEngine.java:389] [INFO] - Test script at 10.00%, done in 312.3 sec
[18:23:13 - Thread-2] [LogScriptEngine.java:389] [INFO] - Test script at 15.00%, done in 289.7 sec
[18:23:29 - Thread-2] [LogScriptEngine.java:389] [INFO] - Test script at 20.00%, done in 269.3 sec
[18:23:45 - Thread-2] [LogScriptEngine.java:389] [INFO] - Test script at 25.00%, done in 250.8 sec
[18:24:01 - Thread-2] [LogScriptEngine.java:389] [INFO] - Test script at 30.00%, done in 232.6 sec
[18:24:17 - Thread-2] [LogScriptEngine.java:389] [INFO] - Test script at 35.00%, done in 215.2 sec
[18:24:34 - Thread-2] [LogScriptEngine.java:389] [INFO] - Test script at 40.00%, done in 198.0 sec
[18:24:50 - Thread-2] [LogScriptEngine.java:389] [INFO] - Test script at 45.00%, done in 181.3 sec
[18:25:06 - Thread-2] [LogScriptEngine.java:389] [INFO] - Test script at 50.00%, done in 165.0 sec
[18:25:23 - Thread-2] [LogScriptEngine.java:389] [INFO] - Test script at 55.00%, done in 148.3 sec
[18:25:39 - Thread-2] [LogScriptEngine.java:389] [INFO] - Test script at 60.00%, done in 131.6 sec
[18:25:56 - Thread-2] [LogScriptEngine.java:389] [INFO] - Test script at 65.00%, done in 115.7 sec
[18:26:13 - Thread-2] [LogScriptEngine.java:389] [INFO] - Test script at 70.00%, done in 99.0 sec
[18:26:29 - Thread-2] [LogScriptEngine.java:389] [INFO] - Test script at 75.00%, done in 82.4 sec
[18:26:45 - Thread-2] [LogScriptEngine.java:389] [INFO] - Test script at 80.00%, done in 65.9 sec
[18:27:01 - Thread-2] [LogScriptEngine.java:389] [INFO] - Test script at 85.00%, done in 49.4 sec
[18:27:17 - Thread-2] [LogScriptEngine.java:389] [INFO] - Test script at 90.00%, done in 32.9 sec
[18:27:34 - Thread-2] [LogScriptEngine.java:389] [INFO] - Test script at 95.00%, done in 16.4 sec
[18:27:50 - Thread-2] [LogScriptEngine.java:375] [INFO] - Timeout event @ 1800000000
[18:27:50 - Thread-2] [Simulation.java:312] [INFO] - Simulation main loop stopped, system time: 1526840870571	Duration: 328564 ms	Simulated time 1800000 ms	Ratio 5.478384728698214
[18:27:50 - Thread-1] [LogScriptEngine.java:309] [INFO] - Test script finished
[18:27:51 - AWT-EventQueue-0] [ScriptRunner.java:430] [INFO] - Test script deactivated
