 WARN [main] (Cooja.java:3172) - JAVA_HOME environment variable not set, Cooja motes may not compile
 INFO [main] (Cooja.java:1315) - > Starting Cooja
 INFO [main] (Cooja.java:2856) - External tools default settings: /external_tools_linux_64.config
 INFO [main] (Cooja.java:2886) - External tools user settings: /root/.cooja.user.properties
 INFO [main] (Simulation.java:422) - Simulation random seed: 5202621710326058709
 INFO [main] (MspMote.java:235) - Loading firmware from: /code/sim/src/app.sky
 INFO [main] (MspMote.java:235) - Loading firmware from: /code/sim/src/app.sky
 INFO [main] (MspMote.java:235) - Loading firmware from: /code/sim/src/app.sky
 INFO [main] (MspMote.java:235) - Loading firmware from: /code/sim/src/app.sky
 INFO [main] (MspMote.java:235) - Loading firmware from: /code/sim/src/app.sky
 INFO [main] (MspMote.java:235) - Loading firmware from: /code/sim/src/app.sky
 INFO [main] (MspMote.java:235) - Loading firmware from: /code/sim/src/app.sky
 INFO [main] (MspMote.java:235) - Loading firmware from: /code/sim/src/app.sky
 INFO [main] (MspMote.java:235) - Loading firmware from: /code/sim/src/app.sky
 INFO [main] (MspMote.java:235) - Loading firmware from: /code/sim/src/app.sky
 INFO [main] (Cooja.java:1781) - Visualized plugin was not started: class org.contikios.cooja.plugins.SimControl
 INFO [main] (Cooja.java:1781) - Visualized plugin was not started: class org.contikios.cooja.plugins.Visualizer
 INFO [main] (Cooja.java:1781) - Visualized plugin was not started: class org.contikios.cooja.plugins.LogListener
 INFO [main] (Cooja.java:1781) - Visualized plugin was not started: class org.contikios.cooja.plugins.TimeLine
 INFO [main] (Cooja.java:1781) - Visualized plugin was not started: class org.contikios.cooja.plugins.RadioLogger
 INFO [main] (ScriptRunner.java:430) - Test script deactivated
 INFO [main] (LogScriptEngine.java:265) - Script timeout in 1800000 ms
 INFO [main] (ScriptRunner.java:387) - Test script activated
 INFO [Thread-2] (Simulation.java:253) - Simulation main loop started, system time: 1526717326083
 INFO [Thread-2] (LogScriptEngine.java:389) - Test script at 5.00%, done in 447.9 sec
 INFO [Thread-2] (LogScriptEngine.java:389) - Test script at 10.00%, done in 367.9 sec
 INFO [Thread-2] (LogScriptEngine.java:389) - Test script at 15.00%, done in 326.2 sec
 INFO [Thread-2] (LogScriptEngine.java:389) - Test script at 20.00%, done in 296.1 sec
 INFO [Thread-2] (LogScriptEngine.java:389) - Test script at 25.00%, done in 271.9 sec
 INFO [Thread-2] (LogScriptEngine.java:389) - Test script at 30.00%, done in 250.6 sec
 INFO [Thread-2] (LogScriptEngine.java:389) - Test script at 35.00%, done in 230.1 sec
 INFO [Thread-2] (LogScriptEngine.java:389) - Test script at 40.00%, done in 210.6 sec
 INFO [Thread-2] (LogScriptEngine.java:389) - Test script at 45.00%, done in 192.0 sec
 INFO [Thread-2] (LogScriptEngine.java:389) - Test script at 50.00%, done in 173.8 sec
 INFO [Thread-2] (LogScriptEngine.java:389) - Test script at 55.00%, done in 155.7 sec
 INFO [Thread-2] (LogScriptEngine.java:389) - Test script at 60.00%, done in 137.8 sec
 INFO [Thread-2] (LogScriptEngine.java:389) - Test script at 65.00%, done in 120.2 sec
 INFO [Thread-2] (LogScriptEngine.java:389) - Test script at 70.00%, done in 102.7 sec
 INFO [Thread-2] (LogScriptEngine.java:389) - Test script at 75.00%, done in 85.4 sec
 INFO [Thread-2] (LogScriptEngine.java:389) - Test script at 80.00%, done in 68.2 sec
 INFO [Thread-2] (LogScriptEngine.java:389) - Test script at 85.00%, done in 51.2 sec
 INFO [Thread-2] (LogScriptEngine.java:389) - Test script at 90.00%, done in 34.2 sec
 INFO [Thread-2] (LogScriptEngine.java:389) - Test script at 95.00%, done in 17.1 sec
 INFO [Thread-2] (LogScriptEngine.java:375) - Timeout event @ 1800000000
 INFO [Thread-1] (LogScriptEngine.java:309) - Test script finished
 INFO [Thread-2] (Simulation.java:312) - Simulation main loop stopped, system time: 1526717667312	Duration: 341229 ms	Simulated time 1800000 ms	Ratio 5.27504989318024
 INFO [AWT-EventQueue-0] (ScriptRunner.java:430) - Test script deactivated
