[06:48:27 - main] [Cooja.java:3172] [WARN] - JAVA_HOME environment variable not set, Cooja motes may not compile
[06:48:27 - main] [Cooja.java:1315] [INFO] - > Starting Cooja
[06:48:27 - main] [Cooja.java:2856] [INFO] - External tools default settings: /external_tools_linux_64.config
[06:48:27 - main] [Cooja.java:2886] [INFO] - External tools user settings: /root/.cooja.user.properties
[06:48:27 - main] [Simulation.java:422] [INFO] - Simulation random seed: -8142013979442423864
[06:48:28 - main] [MspMote.java:235] [INFO] - Loading firmware from: /code/sim/src/app.sky
[06:48:28 - main] [MspMote.java:235] [INFO] - Loading firmware from: /code/sim/src/app.sky
[06:48:28 - main] [MspMote.java:235] [INFO] - Loading firmware from: /code/sim/src/app.sky
[06:48:28 - main] [MspMote.java:235] [INFO] - Loading firmware from: /code/sim/src/app.sky
[06:48:28 - main] [MspMote.java:235] [INFO] - Loading firmware from: /code/sim/src/app.sky
[06:48:28 - main] [MspMote.java:235] [INFO] - Loading firmware from: /code/sim/src/app.sky
[06:48:28 - main] [MspMote.java:235] [INFO] - Loading firmware from: /code/sim/src/app.sky
[06:48:28 - main] [MspMote.java:235] [INFO] - Loading firmware from: /code/sim/src/app.sky
[06:48:28 - main] [MspMote.java:235] [INFO] - Loading firmware from: /code/sim/src/app.sky
[06:48:28 - main] [MspMote.java:235] [INFO] - Loading firmware from: /code/sim/src/app.sky
[06:48:28 - main] [Cooja.java:1781] [INFO] - Visualized plugin was not started: class org.contikios.cooja.plugins.SimControl
[06:48:28 - main] [Cooja.java:1781] [INFO] - Visualized plugin was not started: class org.contikios.cooja.plugins.Visualizer
[06:48:29 - main] [Cooja.java:1781] [INFO] - Visualized plugin was not started: class org.contikios.cooja.plugins.LogListener
[06:48:29 - main] [Cooja.java:1781] [INFO] - Visualized plugin was not started: class org.contikios.cooja.plugins.TimeLine
[06:48:29 - main] [Cooja.java:1781] [INFO] - Visualized plugin was not started: class org.contikios.cooja.plugins.RadioLogger
[06:48:29 - main] [ScriptRunner.java:430] [INFO] - Test script deactivated
[06:48:29 - main] [LogScriptEngine.java:265] [INFO] - Script timeout in 1800000 ms
[06:48:29 - main] [ScriptRunner.java:387] [INFO] - Test script activated
[06:48:29 - Thread-2] [Simulation.java:253] [INFO] - Simulation main loop started, system time: 1526712509920
[06:48:39 - Thread-2] [LogScriptEngine.java:389] [INFO] - Test script at 5.00%, done in 184.7 sec
[06:48:47 - Thread-2] [LogScriptEngine.java:389] [INFO] - Test script at 10.00%, done in 157.0 sec
[06:48:54 - Thread-2] [LogScriptEngine.java:389] [INFO] - Test script at 15.00%, done in 140.9 sec
[06:49:02 - Thread-2] [LogScriptEngine.java:389] [INFO] - Test script at 20.00%, done in 128.7 sec
[06:49:09 - Thread-2] [LogScriptEngine.java:389] [INFO] - Test script at 25.00%, done in 118.5 sec
[06:49:16 - Thread-2] [LogScriptEngine.java:389] [INFO] - Test script at 30.00%, done in 109.2 sec
[06:49:24 - Thread-2] [LogScriptEngine.java:389] [INFO] - Test script at 35.00%, done in 100.5 sec
[06:49:31 - Thread-2] [LogScriptEngine.java:389] [INFO] - Test script at 40.00%, done in 92.1 sec
[06:49:38 - Thread-2] [LogScriptEngine.java:389] [INFO] - Test script at 45.00%, done in 84.2 sec
[06:49:46 - Thread-2] [LogScriptEngine.java:389] [INFO] - Test script at 50.00%, done in 76.2 sec
[06:49:53 - Thread-2] [LogScriptEngine.java:389] [INFO] - Test script at 55.00%, done in 68.4 sec
[06:50:00 - Thread-2] [LogScriptEngine.java:389] [INFO] - Test script at 60.00%, done in 60.6 sec
[06:50:08 - Thread-2] [LogScriptEngine.java:389] [INFO] - Test script at 65.00%, done in 52.8 sec
[06:50:15 - Thread-2] [LogScriptEngine.java:389] [INFO] - Test script at 70.00%, done in 45.1 sec
[06:50:22 - Thread-2] [LogScriptEngine.java:389] [INFO] - Test script at 75.00%, done in 37.5 sec
[06:50:29 - Thread-2] [LogScriptEngine.java:389] [INFO] - Test script at 80.00%, done in 29.9 sec
[06:50:36 - Thread-2] [LogScriptEngine.java:389] [INFO] - Test script at 85.00%, done in 22.4 sec
[06:50:43 - Thread-2] [LogScriptEngine.java:389] [INFO] - Test script at 90.00%, done in 14.9 sec
[06:50:51 - Thread-2] [LogScriptEngine.java:389] [INFO] - Test script at 95.00%, done in 7.4 sec
[06:50:58 - Thread-2] [LogScriptEngine.java:375] [INFO] - Timeout event @ 1800000000
[06:50:58 - Thread-2] [Simulation.java:312] [INFO] - Simulation main loop stopped, system time: 1526712658337	Duration: 148417 ms	Simulated time 1800000 ms	Ratio 12.127990728824866
[06:50:58 - Thread-1] [LogScriptEngine.java:309] [INFO] - Test script finished
[06:50:58 - AWT-EventQueue-0] [ScriptRunner.java:430] [INFO] - Test script deactivated
