[15:18:03 - main] [Cooja.java:3172] [WARN] - JAVA_HOME environment variable not set, Cooja motes may not compile
[15:18:03 - main] [Cooja.java:1315] [INFO] - > Starting Cooja
[15:18:03 - main] [Cooja.java:2856] [INFO] - External tools default settings: /external_tools_linux_64.config
[15:18:03 - main] [Cooja.java:2886] [INFO] - External tools user settings: /root/.cooja.user.properties
[15:18:04 - main] [Simulation.java:422] [INFO] - Simulation random seed: -5249593951378824226
[15:18:04 - main] [MspMote.java:235] [INFO] - Loading firmware from: /code/sim/src/app.sky
[15:18:04 - main] [MspMote.java:235] [INFO] - Loading firmware from: /code/sim/src/app.sky
[15:18:04 - main] [MspMote.java:235] [INFO] - Loading firmware from: /code/sim/src/app.sky
[15:18:04 - main] [MspMote.java:235] [INFO] - Loading firmware from: /code/sim/src/app.sky
[15:18:04 - main] [MspMote.java:235] [INFO] - Loading firmware from: /code/sim/src/app.sky
[15:18:04 - main] [MspMote.java:235] [INFO] - Loading firmware from: /code/sim/src/app.sky
[15:18:04 - main] [MspMote.java:235] [INFO] - Loading firmware from: /code/sim/src/app.sky
[15:18:04 - main] [MspMote.java:235] [INFO] - Loading firmware from: /code/sim/src/app.sky
[15:18:04 - main] [MspMote.java:235] [INFO] - Loading firmware from: /code/sim/src/app.sky
[15:18:04 - main] [MspMote.java:235] [INFO] - Loading firmware from: /code/sim/src/app.sky
[15:18:05 - main] [Cooja.java:1781] [INFO] - Visualized plugin was not started: class org.contikios.cooja.plugins.SimControl
[15:18:05 - main] [Cooja.java:1781] [INFO] - Visualized plugin was not started: class org.contikios.cooja.plugins.Visualizer
[15:18:05 - main] [Cooja.java:1781] [INFO] - Visualized plugin was not started: class org.contikios.cooja.plugins.LogListener
[15:18:05 - main] [Cooja.java:1781] [INFO] - Visualized plugin was not started: class org.contikios.cooja.plugins.TimeLine
[15:18:05 - main] [Cooja.java:1781] [INFO] - Visualized plugin was not started: class org.contikios.cooja.plugins.RadioLogger
[15:18:05 - main] [ScriptRunner.java:430] [INFO] - Test script deactivated
[15:18:05 - main] [LogScriptEngine.java:265] [INFO] - Script timeout in 1800000 ms
[15:18:05 - main] [ScriptRunner.java:387] [INFO] - Test script activated
[15:18:05 - Thread-2] [Simulation.java:253] [INFO] - Simulation main loop started, system time: 1526829485662
[15:18:20 - Thread-2] [LogScriptEngine.java:389] [INFO] - Test script at 5.00%, done in 287.3 sec
[15:18:32 - Thread-2] [LogScriptEngine.java:389] [INFO] - Test script at 10.00%, done in 241.2 sec
[15:18:43 - Thread-2] [LogScriptEngine.java:389] [INFO] - Test script at 15.00%, done in 215.5 sec
[15:18:55 - Thread-2] [LogScriptEngine.java:389] [INFO] - Test script at 20.00%, done in 198.1 sec
[15:19:06 - Thread-2] [LogScriptEngine.java:389] [INFO] - Test script at 25.00%, done in 182.7 sec
[15:19:17 - Thread-2] [LogScriptEngine.java:389] [INFO] - Test script at 30.00%, done in 167.4 sec
[15:19:28 - Thread-2] [LogScriptEngine.java:389] [INFO] - Test script at 35.00%, done in 153.3 sec
[15:19:40 - Thread-2] [LogScriptEngine.java:389] [INFO] - Test script at 40.00%, done in 142.6 sec
[15:19:53 - Thread-2] [LogScriptEngine.java:389] [INFO] - Test script at 45.00%, done in 131.5 sec
[15:20:04 - Thread-2] [LogScriptEngine.java:389] [INFO] - Test script at 50.00%, done in 119.2 sec
[15:20:16 - Thread-2] [LogScriptEngine.java:389] [INFO] - Test script at 55.00%, done in 106.9 sec
[15:20:27 - Thread-2] [LogScriptEngine.java:389] [INFO] - Test script at 60.00%, done in 94.7 sec
[15:20:39 - Thread-2] [LogScriptEngine.java:389] [INFO] - Test script at 65.00%, done in 82.7 sec
[15:20:50 - Thread-2] [LogScriptEngine.java:389] [INFO] - Test script at 70.00%, done in 70.5 sec
[15:21:02 - Thread-2] [LogScriptEngine.java:389] [INFO] - Test script at 75.00%, done in 58.8 sec
[15:21:13 - Thread-2] [LogScriptEngine.java:389] [INFO] - Test script at 80.00%, done in 47.0 sec
[15:21:26 - Thread-2] [LogScriptEngine.java:389] [INFO] - Test script at 85.00%, done in 35.5 sec
[15:21:39 - Thread-2] [LogScriptEngine.java:389] [INFO] - Test script at 90.00%, done in 23.7 sec
[15:21:50 - Thread-2] [LogScriptEngine.java:389] [INFO] - Test script at 95.00%, done in 11.9 sec
[15:22:03 - Thread-2] [LogScriptEngine.java:375] [INFO] - Timeout event @ 1800000000
[15:22:03 - Thread-2] [Simulation.java:312] [INFO] - Simulation main loop stopped, system time: 1526829723116	Duration: 237454 ms	Simulated time 1800000 ms	Ratio 7.580415575227202
[15:22:03 - Thread-1] [LogScriptEngine.java:309] [INFO] - Test script finished
[15:22:03 - AWT-EventQueue-0] [ScriptRunner.java:430] [INFO] - Test script deactivated
