[09:13:56 - main] [Cooja.java:3172] [WARN] - JAVA_HOME environment variable not set, Cooja motes may not compile
[09:13:56 - main] [Cooja.java:1315] [INFO] - > Starting Cooja
[09:13:56 - main] [Cooja.java:2856] [INFO] - External tools default settings: /external_tools_linux_64.config
[09:13:56 - main] [Cooja.java:2886] [INFO] - External tools user settings: /root/.cooja.user.properties
[09:13:56 - main] [Simulation.java:422] [INFO] - Simulation random seed: 3161141933810530934
[09:13:57 - main] [MspMote.java:235] [INFO] - Loading firmware from: /code/sim/src/app.sky
[09:13:57 - main] [MspMote.java:235] [INFO] - Loading firmware from: /code/sim/src/app.sky
[09:13:57 - main] [MspMote.java:235] [INFO] - Loading firmware from: /code/sim/src/app.sky
[09:13:57 - main] [MspMote.java:235] [INFO] - Loading firmware from: /code/sim/src/app.sky
[09:13:57 - main] [MspMote.java:235] [INFO] - Loading firmware from: /code/sim/src/app.sky
[09:13:57 - main] [MspMote.java:235] [INFO] - Loading firmware from: /code/sim/src/app.sky
[09:13:57 - main] [MspMote.java:235] [INFO] - Loading firmware from: /code/sim/src/app.sky
[09:13:57 - main] [Cooja.java:1781] [INFO] - Visualized plugin was not started: class org.contikios.cooja.plugins.SimControl
[09:13:57 - main] [Cooja.java:1781] [INFO] - Visualized plugin was not started: class org.contikios.cooja.plugins.Visualizer
[09:13:57 - main] [Cooja.java:1781] [INFO] - Visualized plugin was not started: class org.contikios.cooja.plugins.LogListener
[09:13:57 - main] [Cooja.java:1781] [INFO] - Visualized plugin was not started: class org.contikios.cooja.plugins.TimeLine
[09:13:57 - main] [Cooja.java:1781] [INFO] - Visualized plugin was not started: class org.contikios.cooja.plugins.RadioLogger
[09:13:58 - main] [ScriptRunner.java:430] [INFO] - Test script deactivated
[09:13:58 - main] [LogScriptEngine.java:265] [INFO] - Script timeout in 1800000 ms
[09:13:59 - main] [ScriptRunner.java:387] [INFO] - Test script activated
[09:13:59 - Thread-2] [Simulation.java:253] [INFO] - Simulation main loop started, system time: 1526894039052
[09:14:15 - Thread-2] [LogScriptEngine.java:389] [INFO] - Test script at 5.00%, done in 305.4 sec
[09:14:28 - Thread-2] [LogScriptEngine.java:389] [INFO] - Test script at 10.00%, done in 263.6 sec
[09:14:41 - Thread-2] [LogScriptEngine.java:389] [INFO] - Test script at 15.00%, done in 238.8 sec
[09:14:58 - Thread-2] [LogScriptEngine.java:389] [INFO] - Test script at 20.00%, done in 235.9 sec
[09:15:11 - Thread-2] [LogScriptEngine.java:389] [INFO] - Test script at 25.00%, done in 216.2 sec
[09:15:25 - Thread-2] [LogScriptEngine.java:389] [INFO] - Test script at 30.00%, done in 201.3 sec
[09:15:41 - Thread-2] [LogScriptEngine.java:389] [INFO] - Test script at 35.00%, done in 190.7 sec
[09:15:57 - Thread-2] [LogScriptEngine.java:389] [INFO] - Test script at 40.00%, done in 177.6 sec
[09:16:12 - Thread-2] [LogScriptEngine.java:389] [INFO] - Test script at 45.00%, done in 163.3 sec
[09:16:28 - Thread-2] [LogScriptEngine.java:389] [INFO] - Test script at 50.00%, done in 149.2 sec
[09:16:44 - Thread-2] [LogScriptEngine.java:389] [INFO] - Test script at 55.00%, done in 135.6 sec
[09:17:00 - Thread-2] [LogScriptEngine.java:389] [INFO] - Test script at 60.00%, done in 120.7 sec
[09:17:15 - Thread-2] [LogScriptEngine.java:389] [INFO] - Test script at 65.00%, done in 105.6 sec
[09:17:30 - Thread-2] [LogScriptEngine.java:389] [INFO] - Test script at 70.00%, done in 90.6 sec
[09:17:45 - Thread-2] [LogScriptEngine.java:389] [INFO] - Test script at 75.00%, done in 75.5 sec
[09:18:00 - Thread-2] [LogScriptEngine.java:389] [INFO] - Test script at 80.00%, done in 60.3 sec
[09:18:15 - Thread-2] [LogScriptEngine.java:389] [INFO] - Test script at 85.00%, done in 45.2 sec
[09:18:30 - Thread-2] [LogScriptEngine.java:389] [INFO] - Test script at 90.00%, done in 30.1 sec
[09:18:44 - Thread-2] [LogScriptEngine.java:389] [INFO] - Test script at 95.00%, done in 15.0 sec
[09:18:59 - Thread-2] [LogScriptEngine.java:375] [INFO] - Timeout event @ 1800000000
[09:18:59 - Thread-1] [LogScriptEngine.java:309] [INFO] - Test script finished
[09:18:59 - Thread-2] [Simulation.java:312] [INFO] - Simulation main loop stopped, system time: 1526894339885	Duration: 300834 ms	Simulated time 1800041 ms	Ratio 5.983502529634284
[09:19:00 - AWT-EventQueue-0] [ScriptRunner.java:430] [INFO] - Test script deactivated
