[20:36:53 - main] [Cooja.java:3172] [WARN] - JAVA_HOME environment variable not set, Cooja motes may not compile
[20:36:53 - main] [Cooja.java:1315] [INFO] - > Starting Cooja
[20:36:53 - main] [Cooja.java:2856] [INFO] - External tools default settings: /external_tools_linux_64.config
[20:36:53 - main] [Cooja.java:2886] [INFO] - External tools user settings: /root/.cooja.user.properties
[20:36:53 - main] [Simulation.java:422] [INFO] - Simulation random seed: -4971308171345687258
[20:36:53 - main] [MspMote.java:235] [INFO] - Loading firmware from: /code/sim/src/app.sky
[20:36:54 - main] [MspMote.java:235] [INFO] - Loading firmware from: /code/sim/src/app.sky
[20:36:54 - main] [MspMote.java:235] [INFO] - Loading firmware from: /code/sim/src/app.sky
[20:36:54 - main] [MspMote.java:235] [INFO] - Loading firmware from: /code/sim/src/app.sky
[20:36:54 - main] [MspMote.java:235] [INFO] - Loading firmware from: /code/sim/src/app.sky
[20:36:54 - main] [MspMote.java:235] [INFO] - Loading firmware from: /code/sim/src/app.sky
[20:36:54 - main] [MspMote.java:235] [INFO] - Loading firmware from: /code/sim/src/app.sky
[20:36:54 - main] [MspMote.java:235] [INFO] - Loading firmware from: /code/sim/src/app.sky
[20:36:54 - main] [MspMote.java:235] [INFO] - Loading firmware from: /code/sim/src/app.sky
[20:36:54 - main] [MspMote.java:235] [INFO] - Loading firmware from: /code/sim/src/app.sky
[20:36:55 - main] [Cooja.java:1781] [INFO] - Visualized plugin was not started: class org.contikios.cooja.plugins.SimControl
[20:36:55 - main] [Cooja.java:1781] [INFO] - Visualized plugin was not started: class org.contikios.cooja.plugins.Visualizer
[20:36:55 - main] [Cooja.java:1781] [INFO] - Visualized plugin was not started: class org.contikios.cooja.plugins.LogListener
[20:36:55 - main] [Cooja.java:1781] [INFO] - Visualized plugin was not started: class org.contikios.cooja.plugins.TimeLine
[20:36:55 - main] [Cooja.java:1781] [INFO] - Visualized plugin was not started: class org.contikios.cooja.plugins.RadioLogger
[20:36:55 - main] [ScriptRunner.java:430] [INFO] - Test script deactivated
[20:36:55 - main] [LogScriptEngine.java:265] [INFO] - Script timeout in 1800000 ms
[20:36:56 - main] [ScriptRunner.java:387] [INFO] - Test script activated
[20:36:56 - Thread-2] [Simulation.java:253] [INFO] - Simulation main loop started, system time: 1527453416097
[20:37:09 - Thread-2] [LogScriptEngine.java:389] [INFO] - Test script at 5.00%, done in 253.4 sec
[20:37:20 - Thread-2] [LogScriptEngine.java:389] [INFO] - Test script at 10.00%, done in 221.5 sec
[20:37:32 - Thread-2] [LogScriptEngine.java:389] [INFO] - Test script at 15.00%, done in 206.0 sec
[20:37:44 - Thread-2] [LogScriptEngine.java:389] [INFO] - Test script at 20.00%, done in 192.6 sec
[20:37:55 - Thread-2] [LogScriptEngine.java:389] [INFO] - Test script at 25.00%, done in 178.3 sec
[20:38:09 - Thread-2] [LogScriptEngine.java:389] [INFO] - Test script at 30.00%, done in 172.1 sec
[20:38:20 - Thread-2] [LogScriptEngine.java:389] [INFO] - Test script at 35.00%, done in 157.7 sec
[20:38:31 - Thread-2] [LogScriptEngine.java:389] [INFO] - Test script at 40.00%, done in 143.8 sec
[20:38:42 - Thread-2] [LogScriptEngine.java:389] [INFO] - Test script at 45.00%, done in 130.6 sec
[20:38:53 - Thread-2] [LogScriptEngine.java:389] [INFO] - Test script at 50.00%, done in 117.8 sec
[20:39:06 - Thread-2] [LogScriptEngine.java:389] [INFO] - Test script at 55.00%, done in 106.7 sec
[20:39:20 - Thread-2] [LogScriptEngine.java:389] [INFO] - Test script at 60.00%, done in 96.0 sec
[20:39:33 - Thread-2] [LogScriptEngine.java:389] [INFO] - Test script at 65.00%, done in 84.6 sec
[20:39:47 - Thread-2] [LogScriptEngine.java:389] [INFO] - Test script at 70.00%, done in 73.4 sec
[20:40:02 - Thread-2] [LogScriptEngine.java:389] [INFO] - Test script at 75.00%, done in 62.0 sec
[20:40:14 - Thread-2] [LogScriptEngine.java:389] [INFO] - Test script at 80.00%, done in 49.5 sec
[20:40:26 - Thread-2] [LogScriptEngine.java:389] [INFO] - Test script at 85.00%, done in 37.1 sec
[20:40:37 - Thread-2] [LogScriptEngine.java:389] [INFO] - Test script at 90.00%, done in 24.6 sec
[20:40:48 - Thread-2] [LogScriptEngine.java:389] [INFO] - Test script at 95.00%, done in 12.2 sec
[20:41:00 - Thread-2] [LogScriptEngine.java:375] [INFO] - Timeout event @ 1800000000
[20:41:00 - Thread-2] [Simulation.java:312] [INFO] - Simulation main loop stopped, system time: 1527453660559	Duration: 244462 ms	Simulated time 1800050 ms	Ratio 7.363312089404488
[20:41:00 - Thread-1] [LogScriptEngine.java:309] [INFO] - Test script finished
[20:41:01 - AWT-EventQueue-0] [ScriptRunner.java:430] [INFO] - Test script deactivated
