[18:39:13 - main] [Cooja.java:3172] [WARN] - JAVA_HOME environment variable not set, Cooja motes may not compile
[18:39:13 - main] [Cooja.java:1315] [INFO] - > Starting Cooja
[18:39:13 - main] [Cooja.java:2856] [INFO] - External tools default settings: /external_tools_linux_64.config
[18:39:13 - main] [Cooja.java:2886] [INFO] - External tools user settings: /root/.cooja.user.properties
[18:39:14 - main] [Simulation.java:422] [INFO] - Simulation random seed: -4649502271375330314
[18:39:14 - main] [MspMote.java:235] [INFO] - Loading firmware from: /code/sim/src/app.sky
[18:39:14 - main] [MspMote.java:235] [INFO] - Loading firmware from: /code/sim/src/app.sky
[18:39:14 - main] [MspMote.java:235] [INFO] - Loading firmware from: /code/sim/src/app.sky
[18:39:14 - main] [MspMote.java:235] [INFO] - Loading firmware from: /code/sim/src/app.sky
[18:39:14 - main] [MspMote.java:235] [INFO] - Loading firmware from: /code/sim/src/app.sky
[18:39:14 - main] [MspMote.java:235] [INFO] - Loading firmware from: /code/sim/src/app.sky
[18:39:15 - main] [MspMote.java:235] [INFO] - Loading firmware from: /code/sim/src/app.sky
[18:39:15 - main] [MspMote.java:235] [INFO] - Loading firmware from: /code/sim/src/app.sky
[18:39:15 - main] [MspMote.java:235] [INFO] - Loading firmware from: /code/sim/src/app.sky
[18:39:15 - main] [MspMote.java:235] [INFO] - Loading firmware from: /code/sim/src/app.sky
[18:39:15 - main] [Cooja.java:1781] [INFO] - Visualized plugin was not started: class org.contikios.cooja.plugins.SimControl
[18:39:15 - main] [Cooja.java:1781] [INFO] - Visualized plugin was not started: class org.contikios.cooja.plugins.Visualizer
[18:39:15 - main] [Cooja.java:1781] [INFO] - Visualized plugin was not started: class org.contikios.cooja.plugins.LogListener
[18:39:15 - main] [Cooja.java:1781] [INFO] - Visualized plugin was not started: class org.contikios.cooja.plugins.TimeLine
[18:39:15 - main] [Cooja.java:1781] [INFO] - Visualized plugin was not started: class org.contikios.cooja.plugins.RadioLogger
[18:39:15 - main] [ScriptRunner.java:430] [INFO] - Test script deactivated
[18:39:15 - main] [LogScriptEngine.java:265] [INFO] - Script timeout in 1800000 ms
[18:39:16 - main] [ScriptRunner.java:387] [INFO] - Test script activated
[18:39:16 - Thread-2] [Simulation.java:253] [INFO] - Simulation main loop started, system time: 1526841556434
[18:39:36 - Thread-2] [LogScriptEngine.java:389] [INFO] - Test script at 5.00%, done in 375.6 sec
[18:39:53 - Thread-2] [LogScriptEngine.java:389] [INFO] - Test script at 10.00%, done in 333.2 sec
[18:40:10 - Thread-2] [LogScriptEngine.java:389] [INFO] - Test script at 15.00%, done in 307.1 sec
[18:40:27 - Thread-2] [LogScriptEngine.java:389] [INFO] - Test script at 20.00%, done in 285.2 sec
[18:40:45 - Thread-2] [LogScriptEngine.java:389] [INFO] - Test script at 25.00%, done in 265.9 sec
[18:41:02 - Thread-2] [LogScriptEngine.java:389] [INFO] - Test script at 30.00%, done in 247.5 sec
[18:41:19 - Thread-2] [LogScriptEngine.java:389] [INFO] - Test script at 35.00%, done in 229.0 sec
[18:41:36 - Thread-2] [LogScriptEngine.java:389] [INFO] - Test script at 40.00%, done in 210.6 sec
[18:41:53 - Thread-2] [LogScriptEngine.java:389] [INFO] - Test script at 45.00%, done in 192.4 sec
[18:42:11 - Thread-2] [LogScriptEngine.java:389] [INFO] - Test script at 50.00%, done in 175.1 sec
[18:42:28 - Thread-2] [LogScriptEngine.java:389] [INFO] - Test script at 55.00%, done in 157.3 sec
[18:42:45 - Thread-2] [LogScriptEngine.java:389] [INFO] - Test script at 60.00%, done in 139.5 sec
[18:43:03 - Thread-2] [LogScriptEngine.java:389] [INFO] - Test script at 65.00%, done in 122.0 sec
[18:43:19 - Thread-2] [LogScriptEngine.java:389] [INFO] - Test script at 70.00%, done in 104.3 sec
[18:43:37 - Thread-2] [LogScriptEngine.java:389] [INFO] - Test script at 75.00%, done in 86.9 sec
[18:43:54 - Thread-2] [LogScriptEngine.java:389] [INFO] - Test script at 80.00%, done in 69.6 sec
[18:44:11 - Thread-2] [LogScriptEngine.java:389] [INFO] - Test script at 85.00%, done in 52.1 sec
[18:44:28 - Thread-2] [LogScriptEngine.java:389] [INFO] - Test script at 90.00%, done in 34.7 sec
[18:44:46 - Thread-2] [LogScriptEngine.java:389] [INFO] - Test script at 95.00%, done in 17.4 sec
[18:45:05 - Thread-2] [LogScriptEngine.java:375] [INFO] - Timeout event @ 1800000000
[18:45:05 - Thread-2] [Simulation.java:312] [INFO] - Simulation main loop stopped, system time: 1526841905080	Duration: 348646 ms	Simulated time 1800000 ms	Ratio 5.16282991917303
[18:45:05 - Thread-1] [LogScriptEngine.java:309] [INFO] - Test script finished
[18:45:05 - AWT-EventQueue-0] [ScriptRunner.java:430] [INFO] - Test script deactivated
