[20:41:02 - main] [Cooja.java:3172] [WARN] - JAVA_HOME environment variable not set, Cooja motes may not compile
[20:41:02 - main] [Cooja.java:1315] [INFO] - > Starting Cooja
[20:41:02 - main] [Cooja.java:2856] [INFO] - External tools default settings: /external_tools_linux_64.config
[20:41:02 - main] [Cooja.java:2886] [INFO] - External tools user settings: /root/.cooja.user.properties
[20:41:02 - main] [Simulation.java:422] [INFO] - Simulation random seed: -1849320788163813201
[20:41:02 - main] [MspMote.java:235] [INFO] - Loading firmware from: /code/sim/src/app.sky
[20:41:03 - main] [MspMote.java:235] [INFO] - Loading firmware from: /code/sim/src/app.sky
[20:41:03 - main] [MspMote.java:235] [INFO] - Loading firmware from: /code/sim/src/app.sky
[20:41:03 - main] [MspMote.java:235] [INFO] - Loading firmware from: /code/sim/src/app.sky
[20:41:03 - main] [MspMote.java:235] [INFO] - Loading firmware from: /code/sim/src/app.sky
[20:41:03 - main] [MspMote.java:235] [INFO] - Loading firmware from: /code/sim/src/app.sky
[20:41:03 - main] [MspMote.java:235] [INFO] - Loading firmware from: /code/sim/src/app.sky
[20:41:03 - main] [MspMote.java:235] [INFO] - Loading firmware from: /code/sim/src/app.sky
[20:41:03 - main] [MspMote.java:235] [INFO] - Loading firmware from: /code/sim/src/app.sky
[20:41:03 - main] [MspMote.java:235] [INFO] - Loading firmware from: /code/sim/src/app.sky
[20:41:03 - main] [Cooja.java:1781] [INFO] - Visualized plugin was not started: class org.contikios.cooja.plugins.SimControl
[20:41:03 - main] [Cooja.java:1781] [INFO] - Visualized plugin was not started: class org.contikios.cooja.plugins.Visualizer
[20:41:03 - main] [Cooja.java:1781] [INFO] - Visualized plugin was not started: class org.contikios.cooja.plugins.LogListener
[20:41:03 - main] [Cooja.java:1781] [INFO] - Visualized plugin was not started: class org.contikios.cooja.plugins.TimeLine
[20:41:03 - main] [Cooja.java:1781] [INFO] - Visualized plugin was not started: class org.contikios.cooja.plugins.RadioLogger
[20:41:04 - main] [ScriptRunner.java:430] [INFO] - Test script deactivated
[20:41:04 - main] [LogScriptEngine.java:265] [INFO] - Script timeout in 1800000 ms
[20:41:05 - main] [ScriptRunner.java:387] [INFO] - Test script activated
[20:41:05 - Thread-2] [Simulation.java:253] [INFO] - Simulation main loop started, system time: 1527453665226
[20:41:19 - Thread-2] [LogScriptEngine.java:389] [INFO] - Test script at 5.00%, done in 270.7 sec
[20:41:31 - Thread-2] [LogScriptEngine.java:389] [INFO] - Test script at 10.00%, done in 232.3 sec
[20:41:42 - Thread-2] [LogScriptEngine.java:389] [INFO] - Test script at 15.00%, done in 214.0 sec
[20:41:55 - Thread-2] [LogScriptEngine.java:389] [INFO] - Test script at 20.00%, done in 200.0 sec
[20:42:06 - Thread-2] [LogScriptEngine.java:389] [INFO] - Test script at 25.00%, done in 184.9 sec
[20:42:18 - Thread-2] [LogScriptEngine.java:389] [INFO] - Test script at 30.00%, done in 171.0 sec
[20:42:33 - Thread-2] [LogScriptEngine.java:389] [INFO] - Test script at 35.00%, done in 163.5 sec
[20:42:46 - Thread-2] [LogScriptEngine.java:389] [INFO] - Test script at 40.00%, done in 151.9 sec
[20:42:59 - Thread-2] [LogScriptEngine.java:389] [INFO] - Test script at 45.00%, done in 139.4 sec
[20:43:11 - Thread-2] [LogScriptEngine.java:389] [INFO] - Test script at 50.00%, done in 126.3 sec
[20:43:22 - Thread-2] [LogScriptEngine.java:389] [INFO] - Test script at 55.00%, done in 112.7 sec
[20:43:34 - Thread-2] [LogScriptEngine.java:389] [INFO] - Test script at 60.00%, done in 99.6 sec
[20:43:46 - Thread-2] [LogScriptEngine.java:389] [INFO] - Test script at 65.00%, done in 87.0 sec
[20:43:57 - Thread-2] [LogScriptEngine.java:389] [INFO] - Test script at 70.00%, done in 74.0 sec
[20:44:09 - Thread-2] [LogScriptEngine.java:389] [INFO] - Test script at 75.00%, done in 61.5 sec
[20:44:23 - Thread-2] [LogScriptEngine.java:389] [INFO] - Test script at 80.00%, done in 49.6 sec
[20:44:36 - Thread-2] [LogScriptEngine.java:389] [INFO] - Test script at 85.00%, done in 37.2 sec
[20:44:49 - Thread-2] [LogScriptEngine.java:389] [INFO] - Test script at 90.00%, done in 24.9 sec
[20:45:02 - Thread-2] [LogScriptEngine.java:389] [INFO] - Test script at 95.00%, done in 12.5 sec
[20:45:21 - Thread-2] [LogScriptEngine.java:375] [INFO] - Timeout event @ 1800000000
[20:45:21 - Thread-2] [Simulation.java:312] [INFO] - Simulation main loop stopped, system time: 1527453921994	Duration: 256768 ms	Simulated time 1800000 ms	Ratio 7.010219341974078
[20:45:22 - Thread-1] [LogScriptEngine.java:309] [INFO] - Test script finished
[20:45:22 - AWT-EventQueue-0] [ScriptRunner.java:430] [INFO] - Test script deactivated
